[0.009s] Invoking command in '/home/krri/OS0_Insta360-Calibration/sensor_ws/build/ouster_ros': AMENT_PREFIX_PATH=/home/krri/OS0_Insta360-Calibration/sensor_ws/install/ouster_sensor_msgs:${AMENT_PREFIX_PATH} CMAKE_PREFIX_PATH=/home/krri/OS0_Insta360-Calibration/sensor_ws/install/ouster_sensor_msgs:/opt/ros/humble LD_LIBRARY_PATH=/home/krri/OS0_Insta360-Calibration/sensor_ws/install/ouster_sensor_msgs/lib:${LD_LIBRARY_PATH} PYTHONPATH=/home/krri/OS0_Insta360-Calibration/sensor_ws/install/ouster_sensor_msgs/local/lib/python3.10/dist-packages:${PYTHONPATH} /usr/bin/cmake --build /home/krri/OS0_Insta360-Calibration/sensor_ws/build/ouster_ros -- -j4 -l4
[0.056s] [35m[1mConsolidate compiler generated dependencies of target os_replay[0m
[0.056s] [35m[1mConsolidate compiler generated dependencies of target os_cloud[0m
[0.061s] [35m[1mConsolidate compiler generated dependencies of target os_sensor[0m
[0.075s] [34m[1mGenerating build info header[0m
[0.077s] [  3%] Built target os_cloud
[0.082s] [  7%] Built target os_replay
[0.088s] [ 11%] Built target os_sensor
[0.093s] [35m[1mConsolidate compiler generated dependencies of target os_image[0m
[0.103s] [35m[1mConsolidate compiler generated dependencies of target gtest_main[0m
[0.107s] [35m[1mConsolidate compiler generated dependencies of target os_driver[0m
[0.114s] [ 14%] Built target os_image
[0.117s] [ 14%] Built target ouster_generate_header
[0.127s] [ 18%] Built target gtest_main
[0.136s] [35m[1mConsolidate compiler generated dependencies of target gtest[0m
[0.136s] [ 22%] Built target os_driver
[0.136s] [35m[1mConsolidate compiler generated dependencies of target ouster_client[0m
[0.146s] [ 25%] Built target gtest
[0.163s] [ 53%] Built target ouster_client
[0.175s] [35m[1mConsolidate compiler generated dependencies of target ouster_ros_library[0m
[0.201s] [ 57%] Built target ouster_ros_library
[0.215s] [35m[1mConsolidate compiler generated dependencies of target os_replay_component[0m
[0.215s] [35m[1mConsolidate compiler generated dependencies of target os_sensor_component[0m
[0.215s] [35m[1mConsolidate compiler generated dependencies of target os_cloud_component[0m
[0.237s] [ 62%] Built target os_replay_component
[0.245s] [ 68%] Built target os_sensor_component
[0.249s] [ 74%] Built target os_cloud_component
[0.251s] [35m[1mConsolidate compiler generated dependencies of target os_image_component[0m
[0.261s] [35m[1mConsolidate compiler generated dependencies of target os_driver_component[0m
[0.267s] [35m[1mConsolidate compiler generated dependencies of target ouster_ros_test[0m
[0.283s] [ 79%] Built target os_image_component
[0.301s] [ 87%] Built target os_driver_component
[0.312s] [100%] Built target ouster_ros_test
[0.324s] Invoked command in '/home/krri/OS0_Insta360-Calibration/sensor_ws/build/ouster_ros' returned '0': AMENT_PREFIX_PATH=/home/krri/OS0_Insta360-Calibration/sensor_ws/install/ouster_sensor_msgs:${AMENT_PREFIX_PATH} CMAKE_PREFIX_PATH=/home/krri/OS0_Insta360-Calibration/sensor_ws/install/ouster_sensor_msgs:/opt/ros/humble LD_LIBRARY_PATH=/home/krri/OS0_Insta360-Calibration/sensor_ws/install/ouster_sensor_msgs/lib:${LD_LIBRARY_PATH} PYTHONPATH=/home/krri/OS0_Insta360-Calibration/sensor_ws/install/ouster_sensor_msgs/local/lib/python3.10/dist-packages:${PYTHONPATH} /usr/bin/cmake --build /home/krri/OS0_Insta360-Calibration/sensor_ws/build/ouster_ros -- -j4 -l4
[0.326s] Invoking command in '/home/krri/OS0_Insta360-Calibration/sensor_ws/build/ouster_ros': AMENT_PREFIX_PATH=/home/krri/OS0_Insta360-Calibration/sensor_ws/install/ouster_sensor_msgs:${AMENT_PREFIX_PATH} CMAKE_PREFIX_PATH=/home/krri/OS0_Insta360-Calibration/sensor_ws/install/ouster_sensor_msgs:/opt/ros/humble LD_LIBRARY_PATH=/home/krri/OS0_Insta360-Calibration/sensor_ws/install/ouster_sensor_msgs/lib:${LD_LIBRARY_PATH} PYTHONPATH=/home/krri/OS0_Insta360-Calibration/sensor_ws/install/ouster_sensor_msgs/local/lib/python3.10/dist-packages:${PYTHONPATH} /usr/bin/cmake --install /home/krri/OS0_Insta360-Calibration/sensor_ws/build/ouster_ros
[0.333s] -- Install configuration: "Release"
[0.333s] -- Execute custom install script
[0.334s] -- Up-to-date symlink: /home/krri/OS0_Insta360-Calibration/sensor_ws/install/ouster_ros/include/ouster/impl/build.h
[0.334s] -- Up-to-date symlink: /home/krri/OS0_Insta360-Calibration/sensor_ws/install/ouster_ros/include/ouster/client.h
[0.334s] -- Up-to-date symlink: /home/krri/OS0_Insta360-Calibration/sensor_ws/install/ouster_ros/include/ouster/defaults.h
[0.334s] -- Up-to-date symlink: /home/krri/OS0_Insta360-Calibration/sensor_ws/install/ouster_ros/include/ouster/image_processing.h
[0.334s] -- Up-to-date symlink: /home/krri/OS0_Insta360-Calibration/sensor_ws/install/ouster_ros/include/ouster/impl/cartesian.h
[0.335s] -- Up-to-date symlink: /home/krri/OS0_Insta360-Calibration/sensor_ws/install/ouster_ros/include/ouster/impl/client_poller.h
[0.335s] -- Up-to-date symlink: /home/krri/OS0_Insta360-Calibration/sensor_ws/install/ouster_ros/include/ouster/impl/lidar_scan_impl.h
[0.335s] -- Up-to-date symlink: /home/krri/OS0_Insta360-Calibration/sensor_ws/install/ouster_ros/include/ouster/impl/netcompat.h
[0.335s] -- Up-to-date symlink: /home/krri/OS0_Insta360-Calibration/sensor_ws/install/ouster_ros/include/ouster/impl/packet_writer.h
[0.335s] -- Up-to-date symlink: /home/krri/OS0_Insta360-Calibration/sensor_ws/install/ouster_ros/include/ouster/impl/profile_extension.h
[0.335s] -- Up-to-date symlink: /home/krri/OS0_Insta360-Calibration/sensor_ws/install/ouster_ros/include/ouster/impl/ring_buffer.h
[0.336s] -- Up-to-date symlink: /home/krri/OS0_Insta360-Calibration/sensor_ws/install/ouster_ros/include/ouster/lidar_scan.h
[0.336s] -- Up-to-date symlink: /home/krri/OS0_Insta360-Calibration/sensor_ws/install/ouster_ros/include/ouster/sensor_http.h
[0.336s] -- Up-to-date symlink: /home/krri/OS0_Insta360-Calibration/sensor_ws/install/ouster_ros/include/ouster/types.h
[0.336s] -- Up-to-date symlink: /home/krri/OS0_Insta360-Calibration/sensor_ws/install/ouster_ros/include/ouster/udp_packet_source.h
[0.336s] -- Up-to-date symlink: /home/krri/OS0_Insta360-Calibration/sensor_ws/install/ouster_ros/include/ouster/util.h
[0.336s] -- Up-to-date symlink: /home/krri/OS0_Insta360-Calibration/sensor_ws/install/ouster_ros/include/ouster/version.h
[0.336s] -- Up-to-date symlink: /home/krri/OS0_Insta360-Calibration/sensor_ws/install/ouster_ros/include/optional-lite/nonstd/optional.hpp
[0.337s] -- Up-to-date symlink: /home/krri/OS0_Insta360-Calibration/sensor_ws/install/ouster_ros/lib/cmake/OusterSDK/OusterSDKConfig.cmake
[0.337s] -- Up-to-date symlink: /home/krri/OS0_Insta360-Calibration/sensor_ws/install/ouster_ros/lib/cmake/OusterSDK/OusterSDKConfigVersion.cmake
[0.337s] -- Up-to-date symlink: /home/krri/OS0_Insta360-Calibration/sensor_ws/install/ouster_ros/share/LICENSE
[0.337s] -- Up-to-date symlink: /home/krri/OS0_Insta360-Calibration/sensor_ws/install/ouster_ros/share/LICENSE-bin
[0.337s] -- Up-to-date symlink: /home/krri/OS0_Insta360-Calibration/sensor_ws/install/ouster_ros/lib/ouster_ros/os_sensor
[0.337s] -- Up-to-date symlink: /home/krri/OS0_Insta360-Calibration/sensor_ws/install/ouster_ros/lib/ouster_ros/os_replay
[0.338s] -- Up-to-date symlink: /home/krri/OS0_Insta360-Calibration/sensor_ws/install/ouster_ros/lib/ouster_ros/os_cloud
[0.338s] -- Up-to-date symlink: /home/krri/OS0_Insta360-Calibration/sensor_ws/install/ouster_ros/lib/ouster_ros/os_image
[0.338s] -- Up-to-date symlink: /home/krri/OS0_Insta360-Calibration/sensor_ws/install/ouster_ros/lib/ouster_ros/os_driver
[0.338s] -- Up-to-date symlink: /home/krri/OS0_Insta360-Calibration/sensor_ws/install/ouster_ros/lib/libouster_ros_library.so
[0.338s] -- Up-to-date symlink: /home/krri/OS0_Insta360-Calibration/sensor_ws/install/ouster_ros/lib/libos_sensor_component.so
[0.339s] -- Up-to-date symlink: /home/krri/OS0_Insta360-Calibration/sensor_ws/install/ouster_ros/lib/libos_replay_component.so
[0.339s] -- Up-to-date symlink: /home/krri/OS0_Insta360-Calibration/sensor_ws/install/ouster_ros/lib/libos_cloud_component.so
[0.339s] -- Up-to-date symlink: /home/krri/OS0_Insta360-Calibration/sensor_ws/install/ouster_ros/lib/libos_image_component.so
[0.339s] -- Up-to-date symlink: /home/krri/OS0_Insta360-Calibration/sensor_ws/install/ouster_ros/lib/libos_driver_component.so
[0.339s] -- Up-to-date symlink: /home/krri/OS0_Insta360-Calibration/sensor_ws/install/ouster_ros/include/ouster_ros//common_point_types.h
[0.339s] -- Up-to-date symlink: /home/krri/OS0_Insta360-Calibration/sensor_ws/install/ouster_ros/include/ouster_ros//os_point.h
[0.339s] -- Up-to-date symlink: /home/krri/OS0_Insta360-Calibration/sensor_ws/install/ouster_ros/include/ouster_ros//os_processing_node_base.h
[0.340s] -- Up-to-date symlink: /home/krri/OS0_Insta360-Calibration/sensor_ws/install/ouster_ros/include/ouster_ros//os_ros.h
[0.340s] -- Up-to-date symlink: /home/krri/OS0_Insta360-Calibration/sensor_ws/install/ouster_ros/include/ouster_ros//os_sensor_node_base.h
[0.340s] -- Up-to-date symlink: /home/krri/OS0_Insta360-Calibration/sensor_ws/install/ouster_ros/include/ouster_ros//sensor_point_types.h
[0.340s] -- Up-to-date symlink: /home/krri/OS0_Insta360-Calibration/sensor_ws/install/ouster_ros/include/ouster_ros//visibility_control.h
[0.340s] -- Up-to-date symlink: /home/krri/OS0_Insta360-Calibration/sensor_ws/install/ouster_ros/include/ouster/client.h
[0.340s] -- Up-to-date symlink: /home/krri/OS0_Insta360-Calibration/sensor_ws/install/ouster_ros/include/ouster/defaults.h
[0.341s] -- Up-to-date symlink: /home/krri/OS0_Insta360-Calibration/sensor_ws/install/ouster_ros/include/ouster/image_processing.h
[0.341s] -- Up-to-date symlink: /home/krri/OS0_Insta360-Calibration/sensor_ws/install/ouster_ros/include/ouster/impl/cartesian.h
[0.341s] -- Up-to-date symlink: /home/krri/OS0_Insta360-Calibration/sensor_ws/install/ouster_ros/include/ouster/impl/client_poller.h
[0.341s] -- Up-to-date symlink: /home/krri/OS0_Insta360-Calibration/sensor_ws/install/ouster_ros/include/ouster/impl/lidar_scan_impl.h
[0.341s] -- Up-to-date symlink: /home/krri/OS0_Insta360-Calibration/sensor_ws/install/ouster_ros/include/ouster/impl/netcompat.h
[0.341s] -- Up-to-date symlink: /home/krri/OS0_Insta360-Calibration/sensor_ws/install/ouster_ros/include/ouster/impl/packet_writer.h
[0.341s] -- Up-to-date symlink: /home/krri/OS0_Insta360-Calibration/sensor_ws/install/ouster_ros/include/ouster/impl/profile_extension.h
[0.341s] -- Up-to-date symlink: /home/krri/OS0_Insta360-Calibration/sensor_ws/install/ouster_ros/include/ouster/impl/ring_buffer.h
[0.342s] -- Up-to-date symlink: /home/krri/OS0_Insta360-Calibration/sensor_ws/install/ouster_ros/include/ouster/lidar_scan.h
[0.342s] -- Up-to-date symlink: /home/krri/OS0_Insta360-Calibration/sensor_ws/install/ouster_ros/include/ouster/sensor_http.h
[0.342s] -- Up-to-date symlink: /home/krri/OS0_Insta360-Calibration/sensor_ws/install/ouster_ros/include/ouster/types.h
[0.342s] -- Up-to-date symlink: /home/krri/OS0_Insta360-Calibration/sensor_ws/install/ouster_ros/include/ouster/udp_packet_source.h
[0.342s] -- Up-to-date symlink: /home/krri/OS0_Insta360-Calibration/sensor_ws/install/ouster_ros/include/ouster/util.h
[0.342s] -- Up-to-date symlink: /home/krri/OS0_Insta360-Calibration/sensor_ws/install/ouster_ros/include/ouster/version.h
[0.342s] -- Up-to-date symlink: /home/krri/OS0_Insta360-Calibration/sensor_ws/install/ouster_ros/include/nonstd/optional.hpp
[0.342s] -- Symlinking: /home/krri/OS0_Insta360-Calibration/sensor_ws/install/ouster_ros/share/ouster_ros/LICENSE
[0.351s] -- Symlinking: /home/krri/OS0_Insta360-Calibration/sensor_ws/install/ouster_ros/share/ouster_ros/launch/driver.launch.py
[0.361s] -- Symlinking: /home/krri/OS0_Insta360-Calibration/sensor_ws/install/ouster_ros/share/ouster_ros/launch/driver_launch.py
[0.370s] -- Symlinking: /home/krri/OS0_Insta360-Calibration/sensor_ws/install/ouster_ros/share/ouster_ros/launch/os0.launch.py
[0.378s] -- Symlinking: /home/krri/OS0_Insta360-Calibration/sensor_ws/install/ouster_ros/share/ouster_ros/launch/record.composite.launch.xml
[0.387s] -- Symlinking: /home/krri/OS0_Insta360-Calibration/sensor_ws/install/ouster_ros/share/ouster_ros/launch/record.launch.xml
[0.396s] -- Symlinking: /home/krri/OS0_Insta360-Calibration/sensor_ws/install/ouster_ros/share/ouster_ros/launch/replay.composite.launch.xml
[0.405s] -- Symlinking: /home/krri/OS0_Insta360-Calibration/sensor_ws/install/ouster_ros/share/ouster_ros/launch/replay.launch.xml
[0.413s] -- Symlinking: /home/krri/OS0_Insta360-Calibration/sensor_ws/install/ouster_ros/share/ouster_ros/launch/replay_pcap.launch.xml
[0.422s] -- Symlinking: /home/krri/OS0_Insta360-Calibration/sensor_ws/install/ouster_ros/share/ouster_ros/launch/rviz.launch.py
[0.431s] -- Symlinking: /home/krri/OS0_Insta360-Calibration/sensor_ws/install/ouster_ros/share/ouster_ros/launch/rviz.launch.xml
[0.440s] -- Symlinking: /home/krri/OS0_Insta360-Calibration/sensor_ws/install/ouster_ros/share/ouster_ros/launch/sensor.composite.launch.py
[0.449s] -- Symlinking: /home/krri/OS0_Insta360-Calibration/sensor_ws/install/ouster_ros/share/ouster_ros/launch/sensor.composite.launch.xml
[0.458s] -- Symlinking: /home/krri/OS0_Insta360-Calibration/sensor_ws/install/ouster_ros/share/ouster_ros/launch/sensor.independent.launch.py
[0.466s] -- Symlinking: /home/krri/OS0_Insta360-Calibration/sensor_ws/install/ouster_ros/share/ouster_ros/launch/sensor.independent.launch.xml
[0.475s] -- Symlinking: /home/krri/OS0_Insta360-Calibration/sensor_ws/install/ouster_ros/share/ouster_ros/launch/sensor.launch.xml
[0.484s] -- Symlinking: /home/krri/OS0_Insta360-Calibration/sensor_ws/install/ouster_ros/share/ouster_ros/launch/sensor_mtp.launch.xml
[0.493s] -- Symlinking: /home/krri/OS0_Insta360-Calibration/sensor_ws/install/ouster_ros/share/ouster_ros/config/community_driver.rviz
[0.502s] -- Symlinking: /home/krri/OS0_Insta360-Calibration/sensor_ws/install/ouster_ros/share/ouster_ros/config/community_driver_config.yaml
[0.511s] -- Symlinking: /home/krri/OS0_Insta360-Calibration/sensor_ws/install/ouster_ros/share/ouster_ros/config/driver_params.yaml
[0.519s] -- Symlinking: /home/krri/OS0_Insta360-Calibration/sensor_ws/install/ouster_ros/share/ouster_ros/config/metadata-qos-override.yaml
[0.528s] -- Symlinking: /home/krri/OS0_Insta360-Calibration/sensor_ws/install/ouster_ros/share/ouster_ros/config/os_sensor_cloud_image_params.yaml
[0.537s] -- Symlinking: /home/krri/OS0_Insta360-Calibration/sensor_ws/install/ouster_ros/share/ouster_ros/config/viz-reliable.rviz
[0.545s] -- Symlinking: /home/krri/OS0_Insta360-Calibration/sensor_ws/install/ouster_ros/share/ouster_ros/config/viz.rviz
[0.554s] -- Symlinking: /home/krri/OS0_Insta360-Calibration/sensor_ws/install/ouster_ros/share/ouster_ros/environment/library_path.sh
[0.563s] -- Symlinking: /home/krri/OS0_Insta360-Calibration/sensor_ws/install/ouster_ros/share/ouster_ros/environment/library_path.dsv
[0.572s] -- Symlinking: /home/krri/OS0_Insta360-Calibration/sensor_ws/install/ouster_ros/share/ament_index/resource_index/package_run_dependencies/ouster_ros
[0.582s] -- Symlinking: /home/krri/OS0_Insta360-Calibration/sensor_ws/install/ouster_ros/share/ament_index/resource_index/parent_prefix_path/ouster_ros
[0.591s] -- Symlinking: /home/krri/OS0_Insta360-Calibration/sensor_ws/install/ouster_ros/share/ouster_ros/environment/ament_prefix_path.sh
[0.600s] -- Symlinking: /home/krri/OS0_Insta360-Calibration/sensor_ws/install/ouster_ros/share/ouster_ros/environment/ament_prefix_path.dsv
[0.609s] -- Symlinking: /home/krri/OS0_Insta360-Calibration/sensor_ws/install/ouster_ros/share/ouster_ros/environment/path.sh
[0.619s] -- Symlinking: /home/krri/OS0_Insta360-Calibration/sensor_ws/install/ouster_ros/share/ouster_ros/environment/path.dsv
[0.628s] -- Symlinking: /home/krri/OS0_Insta360-Calibration/sensor_ws/install/ouster_ros/share/ouster_ros/local_setup.bash
[0.638s] -- Symlinking: /home/krri/OS0_Insta360-Calibration/sensor_ws/install/ouster_ros/share/ouster_ros/local_setup.sh
[0.647s] -- Symlinking: /home/krri/OS0_Insta360-Calibration/sensor_ws/install/ouster_ros/share/ouster_ros/local_setup.zsh
[0.655s] -- Symlinking: /home/krri/OS0_Insta360-Calibration/sensor_ws/install/ouster_ros/share/ouster_ros/local_setup.dsv
[0.665s] -- Symlinking: /home/krri/OS0_Insta360-Calibration/sensor_ws/install/ouster_ros/share/ouster_ros/package.dsv
[0.674s] -- Symlinking: /home/krri/OS0_Insta360-Calibration/sensor_ws/install/ouster_ros/share/ament_index/resource_index/packages/ouster_ros
[0.683s] -- Symlinking: /home/krri/OS0_Insta360-Calibration/sensor_ws/install/ouster_ros/share/ament_index/resource_index/rclcpp_components/ouster_ros
[0.692s] -- Symlinking: /home/krri/OS0_Insta360-Calibration/sensor_ws/install/ouster_ros/share/ouster_ros/cmake/ament_cmake_export_include_directories-extras.cmake
[0.700s] -- Symlinking: /home/krri/OS0_Insta360-Calibration/sensor_ws/install/ouster_ros/share/ouster_ros/cmake/ament_cmake_export_dependencies-extras.cmake
[0.709s] -- Symlinking: /home/krri/OS0_Insta360-Calibration/sensor_ws/install/ouster_ros/share/ouster_ros/cmake/ament_cmake_export_libraries-extras.cmake
[0.717s] -- Symlinking: /home/krri/OS0_Insta360-Calibration/sensor_ws/install/ouster_ros/share/ouster_ros/cmake/ouster_rosConfig.cmake
[0.726s] -- Symlinking: /home/krri/OS0_Insta360-Calibration/sensor_ws/install/ouster_ros/share/ouster_ros/cmake/ouster_rosConfig-version.cmake
[0.734s] -- Symlinking: /home/krri/OS0_Insta360-Calibration/sensor_ws/install/ouster_ros/share/ouster_ros/package.xml
[0.745s] Invoked command in '/home/krri/OS0_Insta360-Calibration/sensor_ws/build/ouster_ros' returned '0': AMENT_PREFIX_PATH=/home/krri/OS0_Insta360-Calibration/sensor_ws/install/ouster_sensor_msgs:${AMENT_PREFIX_PATH} CMAKE_PREFIX_PATH=/home/krri/OS0_Insta360-Calibration/sensor_ws/install/ouster_sensor_msgs:/opt/ros/humble LD_LIBRARY_PATH=/home/krri/OS0_Insta360-Calibration/sensor_ws/install/ouster_sensor_msgs/lib:${LD_LIBRARY_PATH} PYTHONPATH=/home/krri/OS0_Insta360-Calibration/sensor_ws/install/ouster_sensor_msgs/local/lib/python3.10/dist-packages:${PYTHONPATH} /usr/bin/cmake --install /home/krri/OS0_Insta360-Calibration/sensor_ws/build/ouster_ros
