[0.106s] DEBUG:colcon:Command line arguments: ['/usr/bin/colcon', 'build', '--symlink-install']
[0.106s] DEBUG:colcon:Parsed command line arguments: Namespace(log_base=None, log_level=None, verb_name='build', build_base='build', install_base='install', merge_install=False, symlink_install=True, test_result_base=None, continue_on_error=False, executor='parallel', parallel_workers=4, event_handlers=None, ignore_user_meta=False, metas=['./colcon.meta'], base_paths=['.'], packages_ignore=None, packages_ignore_regex=None, paths=None, packages_up_to=None, packages_up_to_regex=None, packages_above=None, packages_above_and_dependencies=None, packages_above_depth=None, packages_select_by_dep=None, packages_skip_by_dep=None, packages_skip_up_to=None, packages_select_build_failed=False, packages_skip_build_finished=False, packages_select_test_failures=False, packages_skip_test_passed=False, packages_select=None, packages_skip=None, packages_select_regex=None, packages_skip_regex=None, packages_start=None, packages_end=None, allow_overriding=[], cmake_args=None, cmake_target=None, cmake_target_skip_unavailable=False, cmake_clean_cache=False, cmake_clean_first=False, cmake_force_configure=False, ament_cmake_args=None, catkin_cmake_args=None, catkin_skip_building_tests=False, mixin_files=None, mixin=None, verb_parser=<colcon_mixin.mixin.mixin_argument.MixinArgumentDecorator object at 0x7520d624eaa0>, verb_extension=<colcon_core.verb.build.BuildVerb object at 0x7520d63d75b0>, main=<bound method BuildVerb.main of <colcon_core.verb.build.BuildVerb object at 0x7520d63d75b0>>, mixin_verb=('build',))
[0.279s] Level 1:colcon.colcon_core.package_discovery:discover_packages(colcon_meta) check parameters
[0.280s] Level 1:colcon.colcon_core.package_discovery:discover_packages(recursive) check parameters
[0.280s] Level 1:colcon.colcon_core.package_discovery:discover_packages(ignore) check parameters
[0.280s] Level 1:colcon.colcon_core.package_discovery:discover_packages(path) check parameters
[0.280s] Level 1:colcon.colcon_core.package_discovery:discover_packages(colcon_meta) discover
[0.280s] Level 1:colcon.colcon_core.package_discovery:discover_packages(recursive) discover
[0.280s] INFO:colcon.colcon_core.package_discovery:Crawling recursively for packages in '/home/krri/OS0_Insta360-Calibration/sensor_ws'
[0.280s] Level 1:colcon.colcon_core.package_identification:_identify(.) by extensions ['ignore', 'ignore_ament_install']
[0.280s] Level 1:colcon.colcon_core.package_identification:_identify(.) by extension 'ignore'
[0.280s] Level 1:colcon.colcon_core.package_identification:_identify(.) by extension 'ignore_ament_install'
[0.280s] Level 1:colcon.colcon_core.package_identification:_identify(.) by extensions ['colcon_pkg']
[0.280s] Level 1:colcon.colcon_core.package_identification:_identify(.) by extension 'colcon_pkg'
[0.280s] Level 1:colcon.colcon_core.package_identification:_identify(.) by extensions ['colcon_meta']
[0.280s] Level 1:colcon.colcon_core.package_identification:_identify(.) by extension 'colcon_meta'
[0.280s] Level 1:colcon.colcon_core.package_identification:_identify(.) by extensions ['ros']
[0.280s] Level 1:colcon.colcon_core.package_identification:_identify(.) by extension 'ros'
[0.290s] Level 1:colcon.colcon_core.package_identification:_identify(.) by extensions ['cmake', 'python']
[0.290s] Level 1:colcon.colcon_core.package_identification:_identify(.) by extension 'cmake'
[0.290s] Level 1:colcon.colcon_core.package_identification:_identify(.) by extension 'python'
[0.290s] Level 1:colcon.colcon_core.package_identification:_identify(.) by extensions ['python_setup_py']
[0.290s] Level 1:colcon.colcon_core.package_identification:_identify(.) by extension 'python_setup_py'
[0.291s] Level 1:colcon.colcon_core.package_identification:_identify(build) by extensions ['ignore', 'ignore_ament_install']
[0.291s] Level 1:colcon.colcon_core.package_identification:_identify(build) by extension 'ignore'
[0.291s] Level 1:colcon.colcon_core.package_identification:_identify(build) ignored
[0.291s] Level 1:colcon.colcon_core.package_identification:_identify(install) by extensions ['ignore', 'ignore_ament_install']
[0.291s] Level 1:colcon.colcon_core.package_identification:_identify(install) by extension 'ignore'
[0.291s] Level 1:colcon.colcon_core.package_identification:_identify(install) ignored
[0.291s] Level 1:colcon.colcon_core.package_identification:_identify(log) by extensions ['ignore', 'ignore_ament_install']
[0.291s] Level 1:colcon.colcon_core.package_identification:_identify(log) by extension 'ignore'
[0.291s] Level 1:colcon.colcon_core.package_identification:_identify(log) ignored
[0.291s] Level 1:colcon.colcon_core.package_identification:_identify(src) by extensions ['ignore', 'ignore_ament_install']
[0.291s] Level 1:colcon.colcon_core.package_identification:_identify(src) by extension 'ignore'
[0.291s] Level 1:colcon.colcon_core.package_identification:_identify(src) by extension 'ignore_ament_install'
[0.291s] Level 1:colcon.colcon_core.package_identification:_identify(src) by extensions ['colcon_pkg']
[0.291s] Level 1:colcon.colcon_core.package_identification:_identify(src) by extension 'colcon_pkg'
[0.292s] Level 1:colcon.colcon_core.package_identification:_identify(src) by extensions ['colcon_meta']
[0.292s] Level 1:colcon.colcon_core.package_identification:_identify(src) by extension 'colcon_meta'
[0.292s] Level 1:colcon.colcon_core.package_identification:_identify(src) by extensions ['ros']
[0.292s] Level 1:colcon.colcon_core.package_identification:_identify(src) by extension 'ros'
[0.292s] Level 1:colcon.colcon_core.package_identification:_identify(src) by extensions ['cmake', 'python']
[0.292s] Level 1:colcon.colcon_core.package_identification:_identify(src) by extension 'cmake'
[0.292s] Level 1:colcon.colcon_core.package_identification:_identify(src) by extension 'python'
[0.292s] Level 1:colcon.colcon_core.package_identification:_identify(src) by extensions ['python_setup_py']
[0.292s] Level 1:colcon.colcon_core.package_identification:_identify(src) by extension 'python_setup_py'
[0.292s] Level 1:colcon.colcon_core.package_identification:_identify(src/ouster-ros) by extensions ['ignore', 'ignore_ament_install']
[0.292s] Level 1:colcon.colcon_core.package_identification:_identify(src/ouster-ros) by extension 'ignore'
[0.292s] Level 1:colcon.colcon_core.package_identification:_identify(src/ouster-ros) by extension 'ignore_ament_install'
[0.292s] Level 1:colcon.colcon_core.package_identification:_identify(src/ouster-ros) by extensions ['colcon_pkg']
[0.292s] Level 1:colcon.colcon_core.package_identification:_identify(src/ouster-ros) by extension 'colcon_pkg'
[0.292s] Level 1:colcon.colcon_core.package_identification:_identify(src/ouster-ros) by extensions ['colcon_meta']
[0.292s] Level 1:colcon.colcon_core.package_identification:_identify(src/ouster-ros) by extension 'colcon_meta'
[0.292s] Level 1:colcon.colcon_core.package_identification:_identify(src/ouster-ros) by extensions ['ros']
[0.292s] Level 1:colcon.colcon_core.package_identification:_identify(src/ouster-ros) by extension 'ros'
[0.296s] DEBUG:colcon.colcon_core.package_identification:Package 'src/ouster-ros' with type 'ros.ament_cmake' and name 'ouster_ros'
[0.296s] Level 1:colcon.colcon_core.package_identification:_identify(src/ouster-sensor-msgs) by extensions ['ignore', 'ignore_ament_install']
[0.296s] Level 1:colcon.colcon_core.package_identification:_identify(src/ouster-sensor-msgs) by extension 'ignore'
[0.296s] Level 1:colcon.colcon_core.package_identification:_identify(src/ouster-sensor-msgs) by extension 'ignore_ament_install'
[0.296s] Level 1:colcon.colcon_core.package_identification:_identify(src/ouster-sensor-msgs) by extensions ['colcon_pkg']
[0.296s] Level 1:colcon.colcon_core.package_identification:_identify(src/ouster-sensor-msgs) by extension 'colcon_pkg'
[0.296s] Level 1:colcon.colcon_core.package_identification:_identify(src/ouster-sensor-msgs) by extensions ['colcon_meta']
[0.296s] Level 1:colcon.colcon_core.package_identification:_identify(src/ouster-sensor-msgs) by extension 'colcon_meta'
[0.296s] Level 1:colcon.colcon_core.package_identification:_identify(src/ouster-sensor-msgs) by extensions ['ros']
[0.296s] Level 1:colcon.colcon_core.package_identification:_identify(src/ouster-sensor-msgs) by extension 'ros'
[0.297s] DEBUG:colcon.colcon_core.package_identification:Package 'src/ouster-sensor-msgs' with type 'ros.ament_cmake' and name 'ouster_sensor_msgs'
[0.297s] Level 1:colcon.colcon_core.package_identification:_identify(src/test_package) by extensions ['ignore', 'ignore_ament_install']
[0.297s] Level 1:colcon.colcon_core.package_identification:_identify(src/test_package) by extension 'ignore'
[0.297s] Level 1:colcon.colcon_core.package_identification:_identify(src/test_package) by extension 'ignore_ament_install'
[0.297s] Level 1:colcon.colcon_core.package_identification:_identify(src/test_package) by extensions ['colcon_pkg']
[0.297s] Level 1:colcon.colcon_core.package_identification:_identify(src/test_package) by extension 'colcon_pkg'
[0.297s] Level 1:colcon.colcon_core.package_identification:_identify(src/test_package) by extensions ['colcon_meta']
[0.297s] Level 1:colcon.colcon_core.package_identification:_identify(src/test_package) by extension 'colcon_meta'
[0.297s] Level 1:colcon.colcon_core.package_identification:_identify(src/test_package) by extensions ['ros']
[0.297s] Level 1:colcon.colcon_core.package_identification:_identify(src/test_package) by extension 'ros'
[0.298s] DEBUG:colcon.colcon_core.package_identification:Package 'src/test_package' with type 'ros.ament_python' and name 'test_package'
[0.298s] Level 1:colcon.colcon_core.package_discovery:discover_packages(recursive) using defaults
[0.298s] Level 1:colcon.colcon_core.package_discovery:discover_packages(ignore) discover
[0.298s] Level 1:colcon.colcon_core.package_discovery:discover_packages(ignore) using defaults
[0.298s] Level 1:colcon.colcon_core.package_discovery:discover_packages(path) discover
[0.298s] Level 1:colcon.colcon_core.package_discovery:discover_packages(path) using defaults
[0.326s] Level 1:colcon.colcon_core.package_discovery:discover_packages(prefix_path) check parameters
[0.326s] Level 1:colcon.colcon_core.package_discovery:discover_packages(prefix_path) discover
[0.328s] DEBUG:colcon.colcon_installed_package_information.package_discovery:Found 274 installed packages in /opt/ros/humble
[0.329s] Level 1:colcon.colcon_core.package_discovery:discover_packages(prefix_path) using defaults
[0.365s] Level 5:colcon.colcon_core.verb:set package 'ouster_sensor_msgs' build argument 'cmake_args' from command line to 'None'
[0.365s] Level 5:colcon.colcon_core.verb:set package 'ouster_sensor_msgs' build argument 'cmake_target' from command line to 'None'
[0.365s] Level 5:colcon.colcon_core.verb:set package 'ouster_sensor_msgs' build argument 'cmake_target_skip_unavailable' from command line to 'False'
[0.365s] Level 5:colcon.colcon_core.verb:set package 'ouster_sensor_msgs' build argument 'cmake_clean_cache' from command line to 'False'
[0.366s] Level 5:colcon.colcon_core.verb:set package 'ouster_sensor_msgs' build argument 'cmake_clean_first' from command line to 'False'
[0.366s] Level 5:colcon.colcon_core.verb:set package 'ouster_sensor_msgs' build argument 'cmake_force_configure' from command line to 'False'
[0.366s] Level 5:colcon.colcon_core.verb:set package 'ouster_sensor_msgs' build argument 'ament_cmake_args' from command line to 'None'
[0.366s] Level 5:colcon.colcon_core.verb:set package 'ouster_sensor_msgs' build argument 'catkin_cmake_args' from command line to 'None'
[0.366s] Level 5:colcon.colcon_core.verb:set package 'ouster_sensor_msgs' build argument 'catkin_skip_building_tests' from command line to 'False'
[0.366s] DEBUG:colcon.colcon_core.verb:Building package 'ouster_sensor_msgs' with the following arguments: {'ament_cmake_args': None, 'build_base': '/home/krri/OS0_Insta360-Calibration/sensor_ws/build/ouster_sensor_msgs', 'catkin_cmake_args': None, 'catkin_skip_building_tests': False, 'cmake_args': None, 'cmake_clean_cache': False, 'cmake_clean_first': False, 'cmake_force_configure': False, 'cmake_target': None, 'cmake_target_skip_unavailable': False, 'install_base': '/home/krri/OS0_Insta360-Calibration/sensor_ws/install/ouster_sensor_msgs', 'merge_install': False, 'path': '/home/krri/OS0_Insta360-Calibration/sensor_ws/src/ouster-sensor-msgs', 'symlink_install': True, 'test_result_base': None}
[0.366s] Level 5:colcon.colcon_core.verb:set package 'test_package' build argument 'cmake_args' from command line to 'None'
[0.366s] Level 5:colcon.colcon_core.verb:set package 'test_package' build argument 'cmake_target' from command line to 'None'
[0.366s] Level 5:colcon.colcon_core.verb:set package 'test_package' build argument 'cmake_target_skip_unavailable' from command line to 'False'
[0.366s] Level 5:colcon.colcon_core.verb:set package 'test_package' build argument 'cmake_clean_cache' from command line to 'False'
[0.366s] Level 5:colcon.colcon_core.verb:set package 'test_package' build argument 'cmake_clean_first' from command line to 'False'
[0.366s] Level 5:colcon.colcon_core.verb:set package 'test_package' build argument 'cmake_force_configure' from command line to 'False'
[0.366s] Level 5:colcon.colcon_core.verb:set package 'test_package' build argument 'ament_cmake_args' from command line to 'None'
[0.366s] Level 5:colcon.colcon_core.verb:set package 'test_package' build argument 'catkin_cmake_args' from command line to 'None'
[0.366s] Level 5:colcon.colcon_core.verb:set package 'test_package' build argument 'catkin_skip_building_tests' from command line to 'False'
[0.366s] DEBUG:colcon.colcon_core.verb:Building package 'test_package' with the following arguments: {'ament_cmake_args': None, 'build_base': '/home/krri/OS0_Insta360-Calibration/sensor_ws/build/test_package', 'catkin_cmake_args': None, 'catkin_skip_building_tests': False, 'cmake_args': None, 'cmake_clean_cache': False, 'cmake_clean_first': False, 'cmake_force_configure': False, 'cmake_target': None, 'cmake_target_skip_unavailable': False, 'install_base': '/home/krri/OS0_Insta360-Calibration/sensor_ws/install/test_package', 'merge_install': False, 'path': '/home/krri/OS0_Insta360-Calibration/sensor_ws/src/test_package', 'symlink_install': True, 'test_result_base': None}
[0.367s] Level 5:colcon.colcon_core.verb:set package 'ouster_ros' build argument 'cmake_args' from command line to 'None'
[0.367s] Level 5:colcon.colcon_core.verb:set package 'ouster_ros' build argument 'cmake_target' from command line to 'None'
[0.367s] Level 5:colcon.colcon_core.verb:set package 'ouster_ros' build argument 'cmake_target_skip_unavailable' from command line to 'False'
[0.367s] Level 5:colcon.colcon_core.verb:set package 'ouster_ros' build argument 'cmake_clean_cache' from command line to 'False'
[0.367s] Level 5:colcon.colcon_core.verb:set package 'ouster_ros' build argument 'cmake_clean_first' from command line to 'False'
[0.367s] Level 5:colcon.colcon_core.verb:set package 'ouster_ros' build argument 'cmake_force_configure' from command line to 'False'
[0.367s] Level 5:colcon.colcon_core.verb:set package 'ouster_ros' build argument 'ament_cmake_args' from command line to 'None'
[0.367s] Level 5:colcon.colcon_core.verb:set package 'ouster_ros' build argument 'catkin_cmake_args' from command line to 'None'
[0.367s] Level 5:colcon.colcon_core.verb:set package 'ouster_ros' build argument 'catkin_skip_building_tests' from command line to 'False'
[0.367s] DEBUG:colcon.colcon_core.verb:Building package 'ouster_ros' with the following arguments: {'ament_cmake_args': None, 'build_base': '/home/krri/OS0_Insta360-Calibration/sensor_ws/build/ouster_ros', 'catkin_cmake_args': None, 'catkin_skip_building_tests': False, 'cmake_args': None, 'cmake_clean_cache': False, 'cmake_clean_first': False, 'cmake_force_configure': False, 'cmake_target': None, 'cmake_target_skip_unavailable': False, 'install_base': '/home/krri/OS0_Insta360-Calibration/sensor_ws/install/ouster_ros', 'merge_install': False, 'path': '/home/krri/OS0_Insta360-Calibration/sensor_ws/src/ouster-ros', 'symlink_install': True, 'test_result_base': None}
[0.367s] INFO:colcon.colcon_core.executor:Executing jobs using 'parallel' executor
[0.368s] DEBUG:colcon.colcon_parallel_executor.executor.parallel:run_until_complete
[0.368s] INFO:colcon.colcon_ros.task.ament_cmake.build:Building ROS package in '/home/krri/OS0_Insta360-Calibration/sensor_ws/src/ouster-sensor-msgs' with build type 'ament_cmake'
[0.368s] INFO:colcon.colcon_cmake.task.cmake.build:Building CMake package in '/home/krri/OS0_Insta360-Calibration/sensor_ws/src/ouster-sensor-msgs'
[0.370s] INFO:colcon.colcon_core.plugin_system:Skipping extension 'colcon_core.shell.bat': Not used on non-Windows systems
[0.370s] INFO:colcon.colcon_core.shell:Skip shell extension 'powershell' for command environment: Not usable outside of PowerShell
[0.370s] DEBUG:colcon.colcon_core.shell:Skip shell extension 'dsv' for command environment
[0.373s] INFO:colcon.colcon_ros.task.ament_python.build:Building ROS package in '/home/krri/OS0_Insta360-Calibration/sensor_ws/src/test_package' with build type 'ament_python'
[0.373s] Level 1:colcon.colcon_core.shell:create_environment_hook('test_package', 'ament_prefix_path')
[0.373s] INFO:colcon.colcon_core.shell:Creating environment hook '/home/krri/OS0_Insta360-Calibration/sensor_ws/install/test_package/share/test_package/hook/ament_prefix_path.ps1'
[0.374s] INFO:colcon.colcon_core.shell:Creating environment descriptor '/home/krri/OS0_Insta360-Calibration/sensor_ws/install/test_package/share/test_package/hook/ament_prefix_path.dsv'
[0.374s] INFO:colcon.colcon_core.shell:Creating environment hook '/home/krri/OS0_Insta360-Calibration/sensor_ws/install/test_package/share/test_package/hook/ament_prefix_path.sh'
[0.375s] INFO:colcon.colcon_core.shell:Skip shell extension 'powershell' for command environment: Not usable outside of PowerShell
[0.375s] DEBUG:colcon.colcon_core.shell:Skip shell extension 'dsv' for command environment
[0.383s] DEBUG:colcon.colcon_core.event_handler.log_command:Invoking command in '/home/krri/OS0_Insta360-Calibration/sensor_ws/build/ouster_sensor_msgs': CMAKE_PREFIX_PATH=/opt/ros/humble /usr/bin/cmake --build /home/krri/OS0_Insta360-Calibration/sensor_ws/build/ouster_sensor_msgs -- -j4 -l4
[0.664s] INFO:colcon.colcon_core.task.python.build:Building Python package in '/home/krri/OS0_Insta360-Calibration/sensor_ws/src/test_package'
[0.664s] INFO:colcon.colcon_core.shell:Skip shell extension 'powershell' for command environment: Not usable outside of PowerShell
[0.664s] DEBUG:colcon.colcon_core.shell:Skip shell extension 'dsv' for command environment
[0.802s] DEBUG:colcon.colcon_core.event_handler.log_command:Invoked command in '/home/krri/OS0_Insta360-Calibration/sensor_ws/build/ouster_sensor_msgs' returned '0': CMAKE_PREFIX_PATH=/opt/ros/humble /usr/bin/cmake --build /home/krri/OS0_Insta360-Calibration/sensor_ws/build/ouster_sensor_msgs -- -j4 -l4
[0.813s] DEBUG:colcon.colcon_core.event_handler.log_command:Invoking command in '/home/krri/OS0_Insta360-Calibration/sensor_ws/build/ouster_sensor_msgs': CMAKE_PREFIX_PATH=/opt/ros/humble /usr/bin/cmake --install /home/krri/OS0_Insta360-Calibration/sensor_ws/build/ouster_sensor_msgs
[0.896s] Level 1:colcon.colcon_core.environment:create_environment_scripts_only(ouster_sensor_msgs)
[0.897s] DEBUG:colcon.colcon_core.event_handler.log_command:Invoked command in '/home/krri/OS0_Insta360-Calibration/sensor_ws/build/ouster_sensor_msgs' returned '0': CMAKE_PREFIX_PATH=/opt/ros/humble /usr/bin/cmake --install /home/krri/OS0_Insta360-Calibration/sensor_ws/build/ouster_sensor_msgs
[0.899s] Level 1:colcon.colcon_core.environment:checking '/home/krri/OS0_Insta360-Calibration/sensor_ws/install/ouster_sensor_msgs' for CMake module files
[0.899s] Level 1:colcon.colcon_core.environment:checking '/home/krri/OS0_Insta360-Calibration/sensor_ws/install/ouster_sensor_msgs' for CMake config files
[0.900s] Level 1:colcon.colcon_core.shell:create_environment_hook('ouster_sensor_msgs', 'cmake_prefix_path')
[0.900s] INFO:colcon.colcon_core.shell:Creating environment hook '/home/krri/OS0_Insta360-Calibration/sensor_ws/install/ouster_sensor_msgs/share/ouster_sensor_msgs/hook/cmake_prefix_path.ps1'
[0.900s] INFO:colcon.colcon_core.shell:Creating environment descriptor '/home/krri/OS0_Insta360-Calibration/sensor_ws/install/ouster_sensor_msgs/share/ouster_sensor_msgs/hook/cmake_prefix_path.dsv'
[0.901s] INFO:colcon.colcon_core.shell:Creating environment hook '/home/krri/OS0_Insta360-Calibration/sensor_ws/install/ouster_sensor_msgs/share/ouster_sensor_msgs/hook/cmake_prefix_path.sh'
[0.901s] Level 1:colcon.colcon_core.environment:checking '/home/krri/OS0_Insta360-Calibration/sensor_ws/install/ouster_sensor_msgs/lib'
[0.902s] Level 1:colcon.colcon_core.shell:create_environment_hook('ouster_sensor_msgs', 'ld_library_path_lib')
[0.902s] INFO:colcon.colcon_core.shell:Creating environment hook '/home/krri/OS0_Insta360-Calibration/sensor_ws/install/ouster_sensor_msgs/share/ouster_sensor_msgs/hook/ld_library_path_lib.ps1'
[0.902s] INFO:colcon.colcon_core.shell:Creating environment descriptor '/home/krri/OS0_Insta360-Calibration/sensor_ws/install/ouster_sensor_msgs/share/ouster_sensor_msgs/hook/ld_library_path_lib.dsv'
[0.902s] INFO:colcon.colcon_core.shell:Creating environment hook '/home/krri/OS0_Insta360-Calibration/sensor_ws/install/ouster_sensor_msgs/share/ouster_sensor_msgs/hook/ld_library_path_lib.sh'
[0.903s] Level 1:colcon.colcon_core.environment:checking '/home/krri/OS0_Insta360-Calibration/sensor_ws/install/ouster_sensor_msgs/bin'
[0.903s] Level 1:colcon.colcon_core.environment:checking '/home/krri/OS0_Insta360-Calibration/sensor_ws/install/ouster_sensor_msgs/lib/pkgconfig/ouster_sensor_msgs.pc'
[0.903s] Level 1:colcon.colcon_core.environment:checking '/home/krri/OS0_Insta360-Calibration/sensor_ws/install/ouster_sensor_msgs/lib/python3.10/site-packages'
[0.903s] Level 1:colcon.colcon_core.environment:checking '/home/krri/OS0_Insta360-Calibration/sensor_ws/install/ouster_sensor_msgs/bin'
[0.904s] INFO:colcon.colcon_core.shell:Creating package script '/home/krri/OS0_Insta360-Calibration/sensor_ws/install/ouster_sensor_msgs/share/ouster_sensor_msgs/package.ps1'
[0.904s] INFO:colcon.colcon_core.shell:Creating package descriptor '/home/krri/OS0_Insta360-Calibration/sensor_ws/install/ouster_sensor_msgs/share/ouster_sensor_msgs/package.dsv'
[0.905s] INFO:colcon.colcon_core.shell:Creating package script '/home/krri/OS0_Insta360-Calibration/sensor_ws/install/ouster_sensor_msgs/share/ouster_sensor_msgs/package.sh'
[0.906s] INFO:colcon.colcon_core.shell:Creating package script '/home/krri/OS0_Insta360-Calibration/sensor_ws/install/ouster_sensor_msgs/share/ouster_sensor_msgs/package.bash'
[0.906s] INFO:colcon.colcon_core.shell:Creating package script '/home/krri/OS0_Insta360-Calibration/sensor_ws/install/ouster_sensor_msgs/share/ouster_sensor_msgs/package.zsh'
[0.907s] Level 1:colcon.colcon_core.environment:create_file_with_runtime_dependencies(/home/krri/OS0_Insta360-Calibration/sensor_ws/install/ouster_sensor_msgs/share/colcon-core/packages/ouster_sensor_msgs)
[0.908s] Level 1:colcon.colcon_core.environment:create_environment_scripts_only(ouster_sensor_msgs)
[0.908s] Level 1:colcon.colcon_core.environment:checking '/home/krri/OS0_Insta360-Calibration/sensor_ws/install/ouster_sensor_msgs' for CMake module files
[0.908s] Level 1:colcon.colcon_core.environment:checking '/home/krri/OS0_Insta360-Calibration/sensor_ws/install/ouster_sensor_msgs' for CMake config files
[0.909s] Level 1:colcon.colcon_core.shell:create_environment_hook('ouster_sensor_msgs', 'cmake_prefix_path')
[0.909s] INFO:colcon.colcon_core.shell:Creating environment hook '/home/krri/OS0_Insta360-Calibration/sensor_ws/install/ouster_sensor_msgs/share/ouster_sensor_msgs/hook/cmake_prefix_path.ps1'
[0.909s] INFO:colcon.colcon_core.shell:Creating environment descriptor '/home/krri/OS0_Insta360-Calibration/sensor_ws/install/ouster_sensor_msgs/share/ouster_sensor_msgs/hook/cmake_prefix_path.dsv'
[0.910s] INFO:colcon.colcon_core.shell:Creating environment hook '/home/krri/OS0_Insta360-Calibration/sensor_ws/install/ouster_sensor_msgs/share/ouster_sensor_msgs/hook/cmake_prefix_path.sh'
[0.910s] Level 1:colcon.colcon_core.environment:checking '/home/krri/OS0_Insta360-Calibration/sensor_ws/install/ouster_sensor_msgs/lib'
[0.910s] Level 1:colcon.colcon_core.shell:create_environment_hook('ouster_sensor_msgs', 'ld_library_path_lib')
[0.910s] INFO:colcon.colcon_core.shell:Creating environment hook '/home/krri/OS0_Insta360-Calibration/sensor_ws/install/ouster_sensor_msgs/share/ouster_sensor_msgs/hook/ld_library_path_lib.ps1'
[0.911s] INFO:colcon.colcon_core.shell:Creating environment descriptor '/home/krri/OS0_Insta360-Calibration/sensor_ws/install/ouster_sensor_msgs/share/ouster_sensor_msgs/hook/ld_library_path_lib.dsv'
[0.911s] INFO:colcon.colcon_core.shell:Creating environment hook '/home/krri/OS0_Insta360-Calibration/sensor_ws/install/ouster_sensor_msgs/share/ouster_sensor_msgs/hook/ld_library_path_lib.sh'
[0.911s] Level 1:colcon.colcon_core.environment:checking '/home/krri/OS0_Insta360-Calibration/sensor_ws/install/ouster_sensor_msgs/bin'
[0.911s] Level 1:colcon.colcon_core.environment:checking '/home/krri/OS0_Insta360-Calibration/sensor_ws/install/ouster_sensor_msgs/lib/pkgconfig/ouster_sensor_msgs.pc'
[0.912s] Level 1:colcon.colcon_core.environment:checking '/home/krri/OS0_Insta360-Calibration/sensor_ws/install/ouster_sensor_msgs/lib/python3.10/site-packages'
[0.912s] Level 1:colcon.colcon_core.environment:checking '/home/krri/OS0_Insta360-Calibration/sensor_ws/install/ouster_sensor_msgs/bin'
[0.912s] INFO:colcon.colcon_core.shell:Creating package script '/home/krri/OS0_Insta360-Calibration/sensor_ws/install/ouster_sensor_msgs/share/ouster_sensor_msgs/package.ps1'
[0.913s] INFO:colcon.colcon_core.shell:Creating package descriptor '/home/krri/OS0_Insta360-Calibration/sensor_ws/install/ouster_sensor_msgs/share/ouster_sensor_msgs/package.dsv'
[0.913s] INFO:colcon.colcon_core.shell:Creating package script '/home/krri/OS0_Insta360-Calibration/sensor_ws/install/ouster_sensor_msgs/share/ouster_sensor_msgs/package.sh'
[0.913s] INFO:colcon.colcon_core.shell:Creating package script '/home/krri/OS0_Insta360-Calibration/sensor_ws/install/ouster_sensor_msgs/share/ouster_sensor_msgs/package.bash'
[0.914s] INFO:colcon.colcon_core.shell:Creating package script '/home/krri/OS0_Insta360-Calibration/sensor_ws/install/ouster_sensor_msgs/share/ouster_sensor_msgs/package.zsh'
[0.914s] Level 1:colcon.colcon_core.environment:create_file_with_runtime_dependencies(/home/krri/OS0_Insta360-Calibration/sensor_ws/install/ouster_sensor_msgs/share/colcon-core/packages/ouster_sensor_msgs)
[0.915s] INFO:colcon.colcon_ros.task.ament_cmake.build:Building ROS package in '/home/krri/OS0_Insta360-Calibration/sensor_ws/src/ouster-ros' with build type 'ament_cmake'
[0.915s] INFO:colcon.colcon_cmake.task.cmake.build:Building CMake package in '/home/krri/OS0_Insta360-Calibration/sensor_ws/src/ouster-ros'
[0.915s] INFO:colcon.colcon_core.shell:Skip shell extension 'powershell' for command environment: Not usable outside of PowerShell
[0.915s] DEBUG:colcon.colcon_core.shell:Skip shell extension 'dsv' for command environment
[0.924s] DEBUG:colcon.colcon_core.event_handler.log_command:Invoking command in '/home/krri/OS0_Insta360-Calibration/sensor_ws/build/ouster_ros': AMENT_PREFIX_PATH=/home/krri/OS0_Insta360-Calibration/sensor_ws/install/ouster_sensor_msgs:${AMENT_PREFIX_PATH} CMAKE_PREFIX_PATH=/home/krri/OS0_Insta360-Calibration/sensor_ws/install/ouster_sensor_msgs:/opt/ros/humble LD_LIBRARY_PATH=/home/krri/OS0_Insta360-Calibration/sensor_ws/install/ouster_sensor_msgs/lib:${LD_LIBRARY_PATH} PYTHONPATH=/home/krri/OS0_Insta360-Calibration/sensor_ws/install/ouster_sensor_msgs/local/lib/python3.10/dist-packages:${PYTHONPATH} /usr/bin/cmake --build /home/krri/OS0_Insta360-Calibration/sensor_ws/build/ouster_ros -- -j4 -l4
[1.055s] DEBUG:colcon.colcon_core.event_handler.log_command:Invoking command in '/home/krri/OS0_Insta360-Calibration/sensor_ws/build/test_package': PYTHONPATH=/home/krri/OS0_Insta360-Calibration/sensor_ws/build/test_package/prefix_override:/usr/lib/python3/dist-packages/colcon_core/task/python/colcon_distutils_commands:/home/krri/OS0_Insta360-Calibration/sensor_ws/install/test_package/lib/python3.10/site-packages:${PYTHONPATH} /usr/bin/python3 -W ignore:setup.py install is deprecated -W ignore:easy_install command is deprecated setup.py develop --editable --build-directory /home/krri/OS0_Insta360-Calibration/sensor_ws/build/test_package/build --no-deps symlink_data
[1.240s] DEBUG:colcon.colcon_core.event_handler.log_command:Invoked command in '/home/krri/OS0_Insta360-Calibration/sensor_ws/build/ouster_ros' returned '0': AMENT_PREFIX_PATH=/home/krri/OS0_Insta360-Calibration/sensor_ws/install/ouster_sensor_msgs:${AMENT_PREFIX_PATH} CMAKE_PREFIX_PATH=/home/krri/OS0_Insta360-Calibration/sensor_ws/install/ouster_sensor_msgs:/opt/ros/humble LD_LIBRARY_PATH=/home/krri/OS0_Insta360-Calibration/sensor_ws/install/ouster_sensor_msgs/lib:${LD_LIBRARY_PATH} PYTHONPATH=/home/krri/OS0_Insta360-Calibration/sensor_ws/install/ouster_sensor_msgs/local/lib/python3.10/dist-packages:${PYTHONPATH} /usr/bin/cmake --build /home/krri/OS0_Insta360-Calibration/sensor_ws/build/ouster_ros -- -j4 -l4
[1.241s] DEBUG:colcon.colcon_core.event_handler.log_command:Invoking command in '/home/krri/OS0_Insta360-Calibration/sensor_ws/build/ouster_ros': AMENT_PREFIX_PATH=/home/krri/OS0_Insta360-Calibration/sensor_ws/install/ouster_sensor_msgs:${AMENT_PREFIX_PATH} CMAKE_PREFIX_PATH=/home/krri/OS0_Insta360-Calibration/sensor_ws/install/ouster_sensor_msgs:/opt/ros/humble LD_LIBRARY_PATH=/home/krri/OS0_Insta360-Calibration/sensor_ws/install/ouster_sensor_msgs/lib:${LD_LIBRARY_PATH} PYTHONPATH=/home/krri/OS0_Insta360-Calibration/sensor_ws/install/ouster_sensor_msgs/local/lib/python3.10/dist-packages:${PYTHONPATH} /usr/bin/cmake --install /home/krri/OS0_Insta360-Calibration/sensor_ws/build/ouster_ros
[1.555s] Level 1:colcon.colcon_core.shell:create_environment_hook('test_package', 'pythonpath_develop')
[1.556s] INFO:colcon.colcon_core.shell:Creating environment hook '/home/krri/OS0_Insta360-Calibration/sensor_ws/build/test_package/share/test_package/hook/pythonpath_develop.ps1'
[1.556s] DEBUG:colcon.colcon_core.event_handler.log_command:Invoked command in '/home/krri/OS0_Insta360-Calibration/sensor_ws/build/test_package' returned '0': PYTHONPATH=/home/krri/OS0_Insta360-Calibration/sensor_ws/build/test_package/prefix_override:/usr/lib/python3/dist-packages/colcon_core/task/python/colcon_distutils_commands:/home/krri/OS0_Insta360-Calibration/sensor_ws/install/test_package/lib/python3.10/site-packages:${PYTHONPATH} /usr/bin/python3 -W ignore:setup.py install is deprecated -W ignore:easy_install command is deprecated setup.py develop --editable --build-directory /home/krri/OS0_Insta360-Calibration/sensor_ws/build/test_package/build --no-deps symlink_data
[1.557s] INFO:colcon.colcon_core.shell:Creating environment descriptor '/home/krri/OS0_Insta360-Calibration/sensor_ws/build/test_package/share/test_package/hook/pythonpath_develop.dsv'
[1.557s] INFO:colcon.colcon_core.shell:Creating environment hook '/home/krri/OS0_Insta360-Calibration/sensor_ws/build/test_package/share/test_package/hook/pythonpath_develop.sh'
[1.558s] Level 1:colcon.colcon_core.environment:checking '/home/krri/OS0_Insta360-Calibration/sensor_ws/install/test_package' for CMake module files
[1.558s] Level 1:colcon.colcon_core.environment:checking '/home/krri/OS0_Insta360-Calibration/sensor_ws/install/test_package' for CMake config files
[1.558s] Level 1:colcon.colcon_core.environment:checking '/home/krri/OS0_Insta360-Calibration/sensor_ws/install/test_package/lib'
[1.558s] Level 1:colcon.colcon_core.environment:checking '/home/krri/OS0_Insta360-Calibration/sensor_ws/install/test_package/bin'
[1.559s] Level 1:colcon.colcon_core.environment:checking '/home/krri/OS0_Insta360-Calibration/sensor_ws/install/test_package/lib/pkgconfig/test_package.pc'
[1.559s] Level 1:colcon.colcon_core.environment:checking '/home/krri/OS0_Insta360-Calibration/sensor_ws/install/test_package/lib/python3.10/site-packages'
[1.559s] Level 1:colcon.colcon_core.shell:create_environment_hook('test_package', 'pythonpath')
[1.559s] INFO:colcon.colcon_core.shell:Creating environment hook '/home/krri/OS0_Insta360-Calibration/sensor_ws/install/test_package/share/test_package/hook/pythonpath.ps1'
[1.559s] INFO:colcon.colcon_core.shell:Creating environment descriptor '/home/krri/OS0_Insta360-Calibration/sensor_ws/install/test_package/share/test_package/hook/pythonpath.dsv'
[1.560s] INFO:colcon.colcon_core.shell:Creating environment hook '/home/krri/OS0_Insta360-Calibration/sensor_ws/install/test_package/share/test_package/hook/pythonpath.sh'
[1.560s] Level 1:colcon.colcon_core.environment:checking '/home/krri/OS0_Insta360-Calibration/sensor_ws/install/test_package/bin'
[1.560s] Level 1:colcon.colcon_core.environment:create_environment_scripts_only(test_package)
[1.561s] INFO:colcon.colcon_core.shell:Creating package script '/home/krri/OS0_Insta360-Calibration/sensor_ws/install/test_package/share/test_package/package.ps1'
[1.561s] INFO:colcon.colcon_core.shell:Creating package descriptor '/home/krri/OS0_Insta360-Calibration/sensor_ws/install/test_package/share/test_package/package.dsv'
[1.562s] INFO:colcon.colcon_core.shell:Creating package script '/home/krri/OS0_Insta360-Calibration/sensor_ws/install/test_package/share/test_package/package.sh'
[1.562s] INFO:colcon.colcon_core.shell:Creating package script '/home/krri/OS0_Insta360-Calibration/sensor_ws/install/test_package/share/test_package/package.bash'
[1.563s] INFO:colcon.colcon_core.shell:Creating package script '/home/krri/OS0_Insta360-Calibration/sensor_ws/install/test_package/share/test_package/package.zsh'
[1.563s] Level 1:colcon.colcon_core.environment:create_file_with_runtime_dependencies(/home/krri/OS0_Insta360-Calibration/sensor_ws/install/test_package/share/colcon-core/packages/test_package)
[1.660s] Level 1:colcon.colcon_core.environment:create_environment_scripts_only(ouster_ros)
[1.660s] Level 1:colcon.colcon_core.environment:checking '/home/krri/OS0_Insta360-Calibration/sensor_ws/install/ouster_ros' for CMake module files
[1.661s] DEBUG:colcon.colcon_core.event_handler.log_command:Invoked command in '/home/krri/OS0_Insta360-Calibration/sensor_ws/build/ouster_ros' returned '0': AMENT_PREFIX_PATH=/home/krri/OS0_Insta360-Calibration/sensor_ws/install/ouster_sensor_msgs:${AMENT_PREFIX_PATH} CMAKE_PREFIX_PATH=/home/krri/OS0_Insta360-Calibration/sensor_ws/install/ouster_sensor_msgs:/opt/ros/humble LD_LIBRARY_PATH=/home/krri/OS0_Insta360-Calibration/sensor_ws/install/ouster_sensor_msgs/lib:${LD_LIBRARY_PATH} PYTHONPATH=/home/krri/OS0_Insta360-Calibration/sensor_ws/install/ouster_sensor_msgs/local/lib/python3.10/dist-packages:${PYTHONPATH} /usr/bin/cmake --install /home/krri/OS0_Insta360-Calibration/sensor_ws/build/ouster_ros
[1.661s] Level 1:colcon.colcon_core.environment:checking '/home/krri/OS0_Insta360-Calibration/sensor_ws/install/ouster_ros' for CMake config files
[1.662s] Level 1:colcon.colcon_core.shell:create_environment_hook('ouster_ros', 'cmake_prefix_path')
[1.662s] INFO:colcon.colcon_core.shell:Creating environment hook '/home/krri/OS0_Insta360-Calibration/sensor_ws/install/ouster_ros/share/ouster_ros/hook/cmake_prefix_path.ps1'
[1.662s] INFO:colcon.colcon_core.shell:Creating environment descriptor '/home/krri/OS0_Insta360-Calibration/sensor_ws/install/ouster_ros/share/ouster_ros/hook/cmake_prefix_path.dsv'
[1.663s] INFO:colcon.colcon_core.shell:Creating environment hook '/home/krri/OS0_Insta360-Calibration/sensor_ws/install/ouster_ros/share/ouster_ros/hook/cmake_prefix_path.sh'
[1.663s] Level 1:colcon.colcon_core.environment:checking '/home/krri/OS0_Insta360-Calibration/sensor_ws/install/ouster_ros/lib'
[1.663s] Level 1:colcon.colcon_core.shell:create_environment_hook('ouster_ros', 'ld_library_path_lib')
[1.663s] INFO:colcon.colcon_core.shell:Creating environment hook '/home/krri/OS0_Insta360-Calibration/sensor_ws/install/ouster_ros/share/ouster_ros/hook/ld_library_path_lib.ps1'
[1.664s] INFO:colcon.colcon_core.shell:Creating environment descriptor '/home/krri/OS0_Insta360-Calibration/sensor_ws/install/ouster_ros/share/ouster_ros/hook/ld_library_path_lib.dsv'
[1.664s] INFO:colcon.colcon_core.shell:Creating environment hook '/home/krri/OS0_Insta360-Calibration/sensor_ws/install/ouster_ros/share/ouster_ros/hook/ld_library_path_lib.sh'
[1.664s] Level 1:colcon.colcon_core.environment:checking '/home/krri/OS0_Insta360-Calibration/sensor_ws/install/ouster_ros/bin'
[1.664s] Level 1:colcon.colcon_core.environment:checking '/home/krri/OS0_Insta360-Calibration/sensor_ws/install/ouster_ros/lib/pkgconfig/ouster_ros.pc'
[1.665s] Level 1:colcon.colcon_core.environment:checking '/home/krri/OS0_Insta360-Calibration/sensor_ws/install/ouster_ros/lib/python3.10/site-packages'
[1.665s] Level 1:colcon.colcon_core.environment:checking '/home/krri/OS0_Insta360-Calibration/sensor_ws/install/ouster_ros/bin'
[1.665s] INFO:colcon.colcon_core.shell:Creating package script '/home/krri/OS0_Insta360-Calibration/sensor_ws/install/ouster_ros/share/ouster_ros/package.ps1'
[1.665s] INFO:colcon.colcon_core.shell:Creating package descriptor '/home/krri/OS0_Insta360-Calibration/sensor_ws/install/ouster_ros/share/ouster_ros/package.dsv'
[1.666s] INFO:colcon.colcon_core.shell:Creating package script '/home/krri/OS0_Insta360-Calibration/sensor_ws/install/ouster_ros/share/ouster_ros/package.sh'
[1.666s] INFO:colcon.colcon_core.shell:Creating package script '/home/krri/OS0_Insta360-Calibration/sensor_ws/install/ouster_ros/share/ouster_ros/package.bash'
[1.667s] INFO:colcon.colcon_core.shell:Creating package script '/home/krri/OS0_Insta360-Calibration/sensor_ws/install/ouster_ros/share/ouster_ros/package.zsh'
[1.667s] Level 1:colcon.colcon_core.environment:create_file_with_runtime_dependencies(/home/krri/OS0_Insta360-Calibration/sensor_ws/install/ouster_ros/share/colcon-core/packages/ouster_ros)
[1.668s] Level 1:colcon.colcon_core.environment:create_environment_scripts_only(ouster_ros)
[1.668s] Level 1:colcon.colcon_core.environment:checking '/home/krri/OS0_Insta360-Calibration/sensor_ws/install/ouster_ros' for CMake module files
[1.668s] Level 1:colcon.colcon_core.environment:checking '/home/krri/OS0_Insta360-Calibration/sensor_ws/install/ouster_ros' for CMake config files
[1.669s] Level 1:colcon.colcon_core.shell:create_environment_hook('ouster_ros', 'cmake_prefix_path')
[1.669s] INFO:colcon.colcon_core.shell:Creating environment hook '/home/krri/OS0_Insta360-Calibration/sensor_ws/install/ouster_ros/share/ouster_ros/hook/cmake_prefix_path.ps1'
[1.669s] INFO:colcon.colcon_core.shell:Creating environment descriptor '/home/krri/OS0_Insta360-Calibration/sensor_ws/install/ouster_ros/share/ouster_ros/hook/cmake_prefix_path.dsv'
[1.669s] INFO:colcon.colcon_core.shell:Creating environment hook '/home/krri/OS0_Insta360-Calibration/sensor_ws/install/ouster_ros/share/ouster_ros/hook/cmake_prefix_path.sh'
[1.670s] Level 1:colcon.colcon_core.environment:checking '/home/krri/OS0_Insta360-Calibration/sensor_ws/install/ouster_ros/lib'
[1.670s] Level 1:colcon.colcon_core.shell:create_environment_hook('ouster_ros', 'ld_library_path_lib')
[1.670s] INFO:colcon.colcon_core.shell:Creating environment hook '/home/krri/OS0_Insta360-Calibration/sensor_ws/install/ouster_ros/share/ouster_ros/hook/ld_library_path_lib.ps1'
[1.671s] INFO:colcon.colcon_core.shell:Creating environment descriptor '/home/krri/OS0_Insta360-Calibration/sensor_ws/install/ouster_ros/share/ouster_ros/hook/ld_library_path_lib.dsv'
[1.671s] INFO:colcon.colcon_core.shell:Creating environment hook '/home/krri/OS0_Insta360-Calibration/sensor_ws/install/ouster_ros/share/ouster_ros/hook/ld_library_path_lib.sh'
[1.671s] Level 1:colcon.colcon_core.environment:checking '/home/krri/OS0_Insta360-Calibration/sensor_ws/install/ouster_ros/bin'
[1.671s] Level 1:colcon.colcon_core.environment:checking '/home/krri/OS0_Insta360-Calibration/sensor_ws/install/ouster_ros/lib/pkgconfig/ouster_ros.pc'
[1.672s] Level 1:colcon.colcon_core.environment:checking '/home/krri/OS0_Insta360-Calibration/sensor_ws/install/ouster_ros/lib/python3.10/site-packages'
[1.672s] Level 1:colcon.colcon_core.environment:checking '/home/krri/OS0_Insta360-Calibration/sensor_ws/install/ouster_ros/bin'
[1.672s] INFO:colcon.colcon_core.shell:Creating package script '/home/krri/OS0_Insta360-Calibration/sensor_ws/install/ouster_ros/share/ouster_ros/package.ps1'
[1.673s] INFO:colcon.colcon_core.shell:Creating package descriptor '/home/krri/OS0_Insta360-Calibration/sensor_ws/install/ouster_ros/share/ouster_ros/package.dsv'
[1.673s] INFO:colcon.colcon_core.shell:Creating package script '/home/krri/OS0_Insta360-Calibration/sensor_ws/install/ouster_ros/share/ouster_ros/package.sh'
[1.674s] INFO:colcon.colcon_core.shell:Creating package script '/home/krri/OS0_Insta360-Calibration/sensor_ws/install/ouster_ros/share/ouster_ros/package.bash'
[1.674s] INFO:colcon.colcon_core.shell:Creating package script '/home/krri/OS0_Insta360-Calibration/sensor_ws/install/ouster_ros/share/ouster_ros/package.zsh'
[1.674s] Level 1:colcon.colcon_core.environment:create_file_with_runtime_dependencies(/home/krri/OS0_Insta360-Calibration/sensor_ws/install/ouster_ros/share/colcon-core/packages/ouster_ros)
[1.675s] DEBUG:colcon.colcon_parallel_executor.executor.parallel:closing loop
[1.675s] DEBUG:colcon.colcon_parallel_executor.executor.parallel:loop closed
[1.675s] DEBUG:colcon.colcon_parallel_executor.executor.parallel:run_until_complete finished with '0'
[1.675s] DEBUG:colcon.colcon_core.event_reactor:joining thread
[1.680s] INFO:colcon.colcon_core.plugin_system:Skipping extension 'colcon_notification.desktop_notification.terminal_notifier': Not used on non-Darwin systems
[1.680s] INFO:colcon.colcon_core.plugin_system:Skipping extension 'colcon_notification.desktop_notification.win32': Not used on non-Windows systems
[1.680s] INFO:colcon.colcon_notification.desktop_notification:Sending desktop notification using 'notify2'
[1.692s] DEBUG:colcon.colcon_core.event_reactor:joined thread
[1.692s] INFO:colcon.colcon_core.shell:Creating prefix script '/home/krri/OS0_Insta360-Calibration/sensor_ws/install/local_setup.ps1'
[1.693s] INFO:colcon.colcon_core.shell:Creating prefix util module '/home/krri/OS0_Insta360-Calibration/sensor_ws/install/_local_setup_util_ps1.py'
[1.695s] INFO:colcon.colcon_core.shell:Creating prefix chain script '/home/krri/OS0_Insta360-Calibration/sensor_ws/install/setup.ps1'
[1.696s] INFO:colcon.colcon_core.shell:Creating prefix script '/home/krri/OS0_Insta360-Calibration/sensor_ws/install/local_setup.sh'
[1.696s] INFO:colcon.colcon_core.shell:Creating prefix util module '/home/krri/OS0_Insta360-Calibration/sensor_ws/install/_local_setup_util_sh.py'
[1.697s] INFO:colcon.colcon_core.shell:Creating prefix chain script '/home/krri/OS0_Insta360-Calibration/sensor_ws/install/setup.sh'
[1.698s] INFO:colcon.colcon_core.shell:Creating prefix script '/home/krri/OS0_Insta360-Calibration/sensor_ws/install/local_setup.bash'
[1.698s] INFO:colcon.colcon_core.shell:Creating prefix chain script '/home/krri/OS0_Insta360-Calibration/sensor_ws/install/setup.bash'
[1.699s] INFO:colcon.colcon_core.shell:Creating prefix script '/home/krri/OS0_Insta360-Calibration/sensor_ws/install/local_setup.zsh'
[1.699s] INFO:colcon.colcon_core.shell:Creating prefix chain script '/home/krri/OS0_Insta360-Calibration/sensor_ws/install/setup.zsh'
