[0.014s] Invoking command in '/home/krri/OS0_Insta360-Calibration/sensor_ws/build/ouster_sensor_msgs': CMAKE_PREFIX_PATH=/opt/ros/humble /usr/bin/cmake /home/krri/OS0_Insta360-Calibration/sensor_ws/src/ouster-sensor-msgs -DAMENT_CMAKE_SYMLINK_INSTALL=1 -DCMAKE_INSTALL_PREFIX=/home/krri/OS0_Insta360-Calibration/sensor_ws/install/ouster_sensor_msgs
[0.067s] -- The C compiler identification is GNU 11.4.0
[0.124s] -- The CXX compiler identification is GNU 11.4.0
[0.131s] -- Detecting C compiler ABI info
[0.200s] -- Detecting C compiler ABI info - done
[0.208s] -- Check for working C compiler: /usr/bin/cc - skipped
[0.208s] -- Detecting C compile features
[0.208s] -- Detecting C compile features - done
[0.213s] -- Detecting CXX compiler ABI info
[0.291s] -- Detecting CXX compiler ABI info - done
[0.300s] -- Check for working CXX compiler: /usr/bin/c++ - skipped
[0.300s] -- Detecting CXX compile features
[0.300s] -- Detecting CXX compile features - done
[0.303s] -- Found ament_cmake: 1.3.12 (/opt/ros/humble/share/ament_cmake/cmake)
[0.456s] -- Found Python3: /usr/bin/python3 (found version "3.10.12") found components: Interpreter 
[0.518s] -- Override CMake install command with custom implementation using symlinks instead of copying resources
[0.540s] -- Found std_msgs: 4.9.0 (/opt/ros/humble/share/std_msgs/cmake)
[0.572s] -- Found rosidl_generator_c: 3.1.7 (/opt/ros/humble/share/rosidl_generator_c/cmake)
[0.576s] -- Found rosidl_adapter: 3.1.7 (/opt/ros/humble/share/rosidl_adapter/cmake)
[0.583s] -- Found rosidl_generator_cpp: 3.1.7 (/opt/ros/humble/share/rosidl_generator_cpp/cmake)
[0.595s] -- Using all available rosidl_typesupport_c: rosidl_typesupport_fastrtps_c;rosidl_typesupport_introspection_c
[0.610s] -- Using all available rosidl_typesupport_cpp: rosidl_typesupport_fastrtps_cpp;rosidl_typesupport_introspection_cpp
[0.636s] -- Found rosidl_default_generators: 1.2.0 (/opt/ros/humble/share/rosidl_default_generators/cmake)
[0.942s] -- Found ament_cmake_ros: 0.10.0 (/opt/ros/humble/share/ament_cmake_ros/cmake)
[1.301s] -- Using all available rosidl_typesupport_c: rosidl_typesupport_fastrtps_c;rosidl_typesupport_introspection_c
[1.442s] -- Using all available rosidl_typesupport_cpp: rosidl_typesupport_fastrtps_cpp;rosidl_typesupport_introspection_cpp
[1.464s] -- Found PythonInterp: /usr/bin/python3 (found suitable version "3.10.12", minimum required is "3.6") 
[1.465s] -- Found python_cmake_module: 0.10.0 (/opt/ros/humble/share/python_cmake_module/cmake)
[1.490s] -- Found PythonLibs: /usr/lib/x86_64-linux-gnu/libpython3.10.so (found suitable version "3.10.12", minimum required is "3.5") 
[1.490s] -- Using PYTHON_EXECUTABLE: /usr/bin/python3
[1.490s] -- Using PYTHON_INCLUDE_DIRS: /usr/include/python3.10
[1.490s] -- Using PYTHON_LIBRARIES: /usr/lib/x86_64-linux-gnu/libpython3.10.so
[1.510s] -- Found PythonExtra: .so  
[1.568s] -- Configuring done
[1.608s] -- Generating done
[1.618s] -- Build files have been written to: /home/krri/OS0_Insta360-Calibration/sensor_ws/build/ouster_sensor_msgs
[1.624s] Invoked command in '/home/krri/OS0_Insta360-Calibration/sensor_ws/build/ouster_sensor_msgs' returned '0': CMAKE_PREFIX_PATH=/opt/ros/humble /usr/bin/cmake /home/krri/OS0_Insta360-Calibration/sensor_ws/src/ouster-sensor-msgs -DAMENT_CMAKE_SYMLINK_INSTALL=1 -DCMAKE_INSTALL_PREFIX=/home/krri/OS0_Insta360-Calibration/sensor_ws/install/ouster_sensor_msgs
[1.626s] Invoking command in '/home/krri/OS0_Insta360-Calibration/sensor_ws/build/ouster_sensor_msgs': CMAKE_PREFIX_PATH=/opt/ros/humble /usr/bin/cmake --build /home/krri/OS0_Insta360-Calibration/sensor_ws/build/ouster_sensor_msgs -- -j4 -l4
[1.667s] [  1%] [34m[1mGenerating C code for ROS interfaces[0m
[1.678s] [  3%] [34m[1mGenerating C++ code for ROS interfaces[0m
[1.685s] [  3%] Built target ament_cmake_python_symlink_ouster_sensor_msgs
[1.950s] running egg_info
[1.950s] creating ouster_sensor_msgs.egg-info
[1.950s] writing ouster_sensor_msgs.egg-info/PKG-INFO
[1.951s] writing dependency_links to ouster_sensor_msgs.egg-info/dependency_links.txt
[1.951s] writing top-level names to ouster_sensor_msgs.egg-info/top_level.txt
[1.951s] writing manifest file 'ouster_sensor_msgs.egg-info/SOURCES.txt'
[1.953s] reading manifest file 'ouster_sensor_msgs.egg-info/SOURCES.txt'
[1.953s] writing manifest file 'ouster_sensor_msgs.egg-info/SOURCES.txt'
[1.983s] [  3%] Built target ament_cmake_python_build_ouster_sensor_msgs_egg
[2.455s] [  6%] [32mBuilding C object CMakeFiles/ouster_sensor_msgs__rosidl_generator_c.dir/rosidl_generator_c/ouster_sensor_msgs/srv/detail/get_config__functions.c.o[0m
[2.456s] [  7%] [32mBuilding C object CMakeFiles/ouster_sensor_msgs__rosidl_generator_c.dir/rosidl_generator_c/ouster_sensor_msgs/msg/detail/telemetry__functions.c.o[0m
[2.456s] [  6%] [32mBuilding C object CMakeFiles/ouster_sensor_msgs__rosidl_generator_c.dir/rosidl_generator_c/ouster_sensor_msgs/msg/detail/packet_msg__functions.c.o[0m
[2.462s] [  7%] Built target ouster_sensor_msgs__cpp
[2.481s] [  9%] [34m[1mGenerating C++ type support for eProsima Fast-RTPS[0m
[2.512s] [ 12%] [34m[1mGenerating C++ introspection for ROS interfaces[0m
[2.512s] [ 12%] [32mBuilding C object CMakeFiles/ouster_sensor_msgs__rosidl_generator_c.dir/rosidl_generator_c/ouster_sensor_msgs/srv/detail/set_config__functions.c.o[0m
[2.516s] [ 14%] [32mBuilding C object CMakeFiles/ouster_sensor_msgs__rosidl_generator_c.dir/rosidl_generator_c/ouster_sensor_msgs/srv/detail/get_metadata__functions.c.o[0m
[2.581s] [ 15%] [34m[1mGenerating C++ type support dispatch for ROS interfaces[0m
[2.584s] [ 17%] [32m[1mLinking C shared library libouster_sensor_msgs__rosidl_generator_c.so[0m
[2.625s] [ 17%] Built target ouster_sensor_msgs__rosidl_generator_c
[2.636s] [ 19%] [34m[1mGenerating C type support for eProsima Fast-RTPS[0m
[3.188s] [ 20%] [32mBuilding CXX object CMakeFiles/ouster_sensor_msgs__rosidl_typesupport_introspection_cpp.dir/rosidl_typesupport_introspection_cpp/ouster_sensor_msgs/msg/detail/packet_msg__type_support.cpp.o[0m
[3.193s] [ 22%] [32mBuilding CXX object CMakeFiles/ouster_sensor_msgs__rosidl_typesupport_cpp.dir/rosidl_typesupport_cpp/ouster_sensor_msgs/msg/packet_msg__type_support.cpp.o[0m
[3.239s] [ 23%] [32mBuilding CXX object CMakeFiles/ouster_sensor_msgs__rosidl_typesupport_fastrtps_cpp.dir/rosidl_typesupport_fastrtps_cpp/ouster_sensor_msgs/msg/detail/dds_fastrtps/packet_msg__type_support.cpp.o[0m
[3.400s] [ 25%] [32mBuilding CXX object CMakeFiles/ouster_sensor_msgs__rosidl_typesupport_fastrtps_c.dir/rosidl_typesupport_fastrtps_c/ouster_sensor_msgs/msg/detail/packet_msg__type_support_c.cpp.o[0m
[3.487s] [ 26%] [32mBuilding CXX object CMakeFiles/ouster_sensor_msgs__rosidl_typesupport_cpp.dir/rosidl_typesupport_cpp/ouster_sensor_msgs/msg/telemetry__type_support.cpp.o[0m
[3.607s] [ 28%] [32mBuilding CXX object CMakeFiles/ouster_sensor_msgs__rosidl_typesupport_introspection_cpp.dir/rosidl_typesupport_introspection_cpp/ouster_sensor_msgs/msg/detail/telemetry__type_support.cpp.o[0m
[3.714s] [ 30%] [32mBuilding CXX object CMakeFiles/ouster_sensor_msgs__rosidl_typesupport_fastrtps_cpp.dir/rosidl_typesupport_fastrtps_cpp/ouster_sensor_msgs/msg/detail/dds_fastrtps/telemetry__type_support.cpp.o[0m
[3.758s] [ 31%] [32mBuilding CXX object CMakeFiles/ouster_sensor_msgs__rosidl_typesupport_fastrtps_c.dir/rosidl_typesupport_fastrtps_c/ouster_sensor_msgs/msg/detail/telemetry__type_support_c.cpp.o[0m
[3.761s] [ 33%] [32mBuilding CXX object CMakeFiles/ouster_sensor_msgs__rosidl_typesupport_cpp.dir/rosidl_typesupport_cpp/ouster_sensor_msgs/srv/get_config__type_support.cpp.o[0m
[4.005s] [ 34%] [32mBuilding CXX object CMakeFiles/ouster_sensor_msgs__rosidl_typesupport_introspection_cpp.dir/rosidl_typesupport_introspection_cpp/ouster_sensor_msgs/srv/detail/get_config__type_support.cpp.o[0m
[4.035s] [ 36%] [32mBuilding CXX object CMakeFiles/ouster_sensor_msgs__rosidl_typesupport_cpp.dir/rosidl_typesupport_cpp/ouster_sensor_msgs/srv/set_config__type_support.cpp.o[0m
[4.112s] [ 38%] [32mBuilding CXX object CMakeFiles/ouster_sensor_msgs__rosidl_typesupport_fastrtps_cpp.dir/rosidl_typesupport_fastrtps_cpp/ouster_sensor_msgs/srv/detail/dds_fastrtps/get_config__type_support.cpp.o[0m
[4.117s] [ 39%] [32mBuilding CXX object CMakeFiles/ouster_sensor_msgs__rosidl_typesupport_fastrtps_c.dir/rosidl_typesupport_fastrtps_c/ouster_sensor_msgs/srv/detail/get_config__type_support_c.cpp.o[0m
[4.305s] [ 41%] [32mBuilding CXX object CMakeFiles/ouster_sensor_msgs__rosidl_typesupport_cpp.dir/rosidl_typesupport_cpp/ouster_sensor_msgs/srv/get_metadata__type_support.cpp.o[0m
[4.394s] [ 42%] [32mBuilding CXX object CMakeFiles/ouster_sensor_msgs__rosidl_typesupport_introspection_cpp.dir/rosidl_typesupport_introspection_cpp/ouster_sensor_msgs/srv/detail/set_config__type_support.cpp.o[0m
[4.495s] [ 44%] [32mBuilding CXX object CMakeFiles/ouster_sensor_msgs__rosidl_typesupport_fastrtps_c.dir/rosidl_typesupport_fastrtps_c/ouster_sensor_msgs/srv/detail/set_config__type_support_c.cpp.o[0m
[4.557s] [ 46%] [32mBuilding CXX object CMakeFiles/ouster_sensor_msgs__rosidl_typesupport_fastrtps_cpp.dir/rosidl_typesupport_fastrtps_cpp/ouster_sensor_msgs/srv/detail/dds_fastrtps/set_config__type_support.cpp.o[0m
[4.583s] [ 47%] [32m[1mLinking CXX shared library libouster_sensor_msgs__rosidl_typesupport_cpp.so[0m
[4.633s] [ 47%] Built target ouster_sensor_msgs__rosidl_typesupport_cpp
[4.643s] [ 49%] [32mBuilding CXX object CMakeFiles/ouster_sensor_msgs__rosidl_typesupport_introspection_cpp.dir/rosidl_typesupport_introspection_cpp/ouster_sensor_msgs/srv/detail/get_metadata__type_support.cpp.o[0m
[4.789s] [ 50%] [34m[1mGenerating C introspection for ROS interfaces[0m
[4.867s] [ 52%] [32mBuilding CXX object CMakeFiles/ouster_sensor_msgs__rosidl_typesupport_fastrtps_c.dir/rosidl_typesupport_fastrtps_c/ouster_sensor_msgs/srv/detail/get_metadata__type_support_c.cpp.o[0m
[4.971s] [ 53%] [32mBuilding CXX object CMakeFiles/ouster_sensor_msgs__rosidl_typesupport_fastrtps_cpp.dir/rosidl_typesupport_fastrtps_cpp/ouster_sensor_msgs/srv/detail/dds_fastrtps/get_metadata__type_support.cpp.o[0m
[5.053s] [ 55%] [32m[1mLinking CXX shared library libouster_sensor_msgs__rosidl_typesupport_introspection_cpp.so[0m
[5.155s] [ 55%] Built target ouster_sensor_msgs__rosidl_typesupport_introspection_cpp
[5.166s] [ 57%] [34m[1mGenerating C type support dispatch for ROS interfaces[0m
[5.241s] [ 58%] [32m[1mLinking CXX shared library libouster_sensor_msgs__rosidl_typesupport_fastrtps_c.so[0m
[5.337s] [ 58%] Built target ouster_sensor_msgs__rosidl_typesupport_fastrtps_c
[5.398s] [ 60%] [32m[1mLinking CXX shared library libouster_sensor_msgs__rosidl_typesupport_fastrtps_cpp.so[0m
[5.488s] [ 61%] [32mBuilding C object CMakeFiles/ouster_sensor_msgs__rosidl_typesupport_introspection_c.dir/rosidl_typesupport_introspection_c/ouster_sensor_msgs/msg/detail/packet_msg__type_support.c.o[0m
[5.488s] [ 63%] [32mBuilding C object CMakeFiles/ouster_sensor_msgs__rosidl_typesupport_introspection_c.dir/rosidl_typesupport_introspection_c/ouster_sensor_msgs/msg/detail/telemetry__type_support.c.o[0m
[5.506s] [ 63%] Built target ouster_sensor_msgs__rosidl_typesupport_fastrtps_cpp
[5.513s] [ 65%] [32mBuilding C object CMakeFiles/ouster_sensor_msgs__rosidl_typesupport_introspection_c.dir/rosidl_typesupport_introspection_c/ouster_sensor_msgs/srv/detail/get_config__type_support.c.o[0m
[5.528s] [ 66%] [32mBuilding C object CMakeFiles/ouster_sensor_msgs__rosidl_typesupport_introspection_c.dir/rosidl_typesupport_introspection_c/ouster_sensor_msgs/srv/detail/set_config__type_support.c.o[0m
[5.529s] [ 68%] [32mBuilding C object CMakeFiles/ouster_sensor_msgs__rosidl_typesupport_introspection_c.dir/rosidl_typesupport_introspection_c/ouster_sensor_msgs/srv/detail/get_metadata__type_support.c.o[0m
[5.566s] [ 69%] [32m[1mLinking C shared library libouster_sensor_msgs__rosidl_typesupport_introspection_c.so[0m
[5.598s] [ 69%] Built target ouster_sensor_msgs__rosidl_typesupport_introspection_c
[5.736s] [ 74%] [32mBuilding CXX object CMakeFiles/ouster_sensor_msgs__rosidl_typesupport_c.dir/rosidl_typesupport_c/ouster_sensor_msgs/msg/telemetry__type_support.cpp.o[0m
[5.736s] [ 74%] [32mBuilding CXX object CMakeFiles/ouster_sensor_msgs__rosidl_typesupport_c.dir/rosidl_typesupport_c/ouster_sensor_msgs/msg/packet_msg__type_support.cpp.o[0m
[5.737s] [ 74%] [32mBuilding CXX object CMakeFiles/ouster_sensor_msgs__rosidl_typesupport_c.dir/rosidl_typesupport_c/ouster_sensor_msgs/srv/get_config__type_support.cpp.o[0m
[5.737s] [ 76%] [32mBuilding CXX object CMakeFiles/ouster_sensor_msgs__rosidl_typesupport_c.dir/rosidl_typesupport_c/ouster_sensor_msgs/srv/set_config__type_support.cpp.o[0m
[5.769s] [ 77%] [32mBuilding CXX object CMakeFiles/ouster_sensor_msgs__rosidl_typesupport_c.dir/rosidl_typesupport_c/ouster_sensor_msgs/srv/get_metadata__type_support.cpp.o[0m
[5.801s] [ 79%] [32m[1mLinking CXX shared library libouster_sensor_msgs__rosidl_typesupport_c.so[0m
[5.843s] [ 79%] Built target ouster_sensor_msgs__rosidl_typesupport_c
[5.863s] [ 79%] Built target ouster_sensor_msgs
[5.883s] [ 80%] [34m[1mGenerating Python code for ROS interfaces[0m
[7.045s] [ 80%] Built target ouster_sensor_msgs__py
[7.067s] [ 84%] [32mBuilding C object CMakeFiles/ouster_sensor_msgs__rosidl_generator_py.dir/rosidl_generator_py/ouster_sensor_msgs/srv/_get_config_s.c.o[0m
[7.067s] [ 84%] [32mBuilding C object CMakeFiles/ouster_sensor_msgs__rosidl_generator_py.dir/rosidl_generator_py/ouster_sensor_msgs/msg/_packet_msg_s.c.o[0m
[7.067s] [ 85%] [32mBuilding C object CMakeFiles/ouster_sensor_msgs__rosidl_generator_py.dir/rosidl_generator_py/ouster_sensor_msgs/srv/_set_config_s.c.o[0m
[7.067s] [ 87%] [32mBuilding C object CMakeFiles/ouster_sensor_msgs__rosidl_generator_py.dir/rosidl_generator_py/ouster_sensor_msgs/msg/_telemetry_s.c.o[0m
[7.173s] [ 88%] [32mBuilding C object CMakeFiles/ouster_sensor_msgs__rosidl_generator_py.dir/rosidl_generator_py/ouster_sensor_msgs/srv/_get_metadata_s.c.o[0m
[7.276s] [ 90%] [32m[1mLinking C shared library rosidl_generator_py/ouster_sensor_msgs/libouster_sensor_msgs__rosidl_generator_py.so[0m
[7.318s] [ 90%] Built target ouster_sensor_msgs__rosidl_generator_py
[7.338s] [ 93%] [32mBuilding C object CMakeFiles/ouster_sensor_msgs__rosidl_typesupport_fastrtps_c__pyext.dir/rosidl_generator_py/ouster_sensor_msgs/_ouster_sensor_msgs_s.ep.rosidl_typesupport_fastrtps_c.c.o[0m
[7.338s] [ 93%] [32mBuilding C object CMakeFiles/ouster_sensor_msgs__rosidl_typesupport_c__pyext.dir/rosidl_generator_py/ouster_sensor_msgs/_ouster_sensor_msgs_s.ep.rosidl_typesupport_c.c.o[0m
[7.338s] [ 95%] [32mBuilding C object CMakeFiles/ouster_sensor_msgs__rosidl_typesupport_introspection_c__pyext.dir/rosidl_generator_py/ouster_sensor_msgs/_ouster_sensor_msgs_s.ep.rosidl_typesupport_introspection_c.c.o[0m
[7.467s] [ 98%] [32m[1mLinking C shared library rosidl_generator_py/ouster_sensor_msgs/ouster_sensor_msgs_s__rosidl_typesupport_c.cpython-310-x86_64-linux-gnu.so[0m
[7.467s] [ 98%] [32m[1mLinking C shared library rosidl_generator_py/ouster_sensor_msgs/ouster_sensor_msgs_s__rosidl_typesupport_fastrtps_c.cpython-310-x86_64-linux-gnu.so[0m
[7.470s] [100%] [32m[1mLinking C shared library rosidl_generator_py/ouster_sensor_msgs/ouster_sensor_msgs_s__rosidl_typesupport_introspection_c.cpython-310-x86_64-linux-gnu.so[0m
[7.508s] [100%] Built target ouster_sensor_msgs__rosidl_typesupport_c__pyext
[7.511s] [100%] Built target ouster_sensor_msgs__rosidl_typesupport_fastrtps_c__pyext
[7.511s] [100%] Built target ouster_sensor_msgs__rosidl_typesupport_introspection_c__pyext
[7.523s] Invoked command in '/home/krri/OS0_Insta360-Calibration/sensor_ws/build/ouster_sensor_msgs' returned '0': CMAKE_PREFIX_PATH=/opt/ros/humble /usr/bin/cmake --build /home/krri/OS0_Insta360-Calibration/sensor_ws/build/ouster_sensor_msgs -- -j4 -l4
[7.533s] Invoking command in '/home/krri/OS0_Insta360-Calibration/sensor_ws/build/ouster_sensor_msgs': CMAKE_PREFIX_PATH=/opt/ros/humble /usr/bin/cmake --install /home/krri/OS0_Insta360-Calibration/sensor_ws/build/ouster_sensor_msgs
[7.540s] -- Install configuration: ""
[7.541s] -- Execute custom install script
[7.541s] -- Symlinking: /home/krri/OS0_Insta360-Calibration/sensor_ws/install/ouster_sensor_msgs/share/ament_index/resource_index/rosidl_interfaces/ouster_sensor_msgs
[7.550s] -- Symlinking: /home/krri/OS0_Insta360-Calibration/sensor_ws/install/ouster_sensor_msgs/include/ouster_sensor_msgs/ouster_sensor_msgs/msg/detail/packet_msg__functions.h
[7.558s] -- Symlinking: /home/krri/OS0_Insta360-Calibration/sensor_ws/install/ouster_sensor_msgs/include/ouster_sensor_msgs/ouster_sensor_msgs/msg/detail/packet_msg__struct.h
[7.567s] -- Symlinking: /home/krri/OS0_Insta360-Calibration/sensor_ws/install/ouster_sensor_msgs/include/ouster_sensor_msgs/ouster_sensor_msgs/msg/detail/packet_msg__type_support.h
[7.575s] -- Symlinking: /home/krri/OS0_Insta360-Calibration/sensor_ws/install/ouster_sensor_msgs/include/ouster_sensor_msgs/ouster_sensor_msgs/msg/detail/telemetry__functions.h
[7.583s] -- Symlinking: /home/krri/OS0_Insta360-Calibration/sensor_ws/install/ouster_sensor_msgs/include/ouster_sensor_msgs/ouster_sensor_msgs/msg/detail/telemetry__struct.h
[7.592s] -- Symlinking: /home/krri/OS0_Insta360-Calibration/sensor_ws/install/ouster_sensor_msgs/include/ouster_sensor_msgs/ouster_sensor_msgs/msg/detail/telemetry__type_support.h
[7.600s] -- Symlinking: /home/krri/OS0_Insta360-Calibration/sensor_ws/install/ouster_sensor_msgs/include/ouster_sensor_msgs/ouster_sensor_msgs/msg/packet_msg.h
[7.609s] -- Symlinking: /home/krri/OS0_Insta360-Calibration/sensor_ws/install/ouster_sensor_msgs/include/ouster_sensor_msgs/ouster_sensor_msgs/msg/rosidl_generator_c__visibility_control.h
[7.618s] -- Symlinking: /home/krri/OS0_Insta360-Calibration/sensor_ws/install/ouster_sensor_msgs/include/ouster_sensor_msgs/ouster_sensor_msgs/msg/telemetry.h
[7.626s] -- Symlinking: /home/krri/OS0_Insta360-Calibration/sensor_ws/install/ouster_sensor_msgs/include/ouster_sensor_msgs/ouster_sensor_msgs/srv/detail/get_config__functions.h
[7.635s] -- Symlinking: /home/krri/OS0_Insta360-Calibration/sensor_ws/install/ouster_sensor_msgs/include/ouster_sensor_msgs/ouster_sensor_msgs/srv/detail/get_config__struct.h
[7.643s] -- Symlinking: /home/krri/OS0_Insta360-Calibration/sensor_ws/install/ouster_sensor_msgs/include/ouster_sensor_msgs/ouster_sensor_msgs/srv/detail/get_config__type_support.h
[7.652s] -- Symlinking: /home/krri/OS0_Insta360-Calibration/sensor_ws/install/ouster_sensor_msgs/include/ouster_sensor_msgs/ouster_sensor_msgs/srv/detail/get_metadata__functions.h
[7.660s] -- Symlinking: /home/krri/OS0_Insta360-Calibration/sensor_ws/install/ouster_sensor_msgs/include/ouster_sensor_msgs/ouster_sensor_msgs/srv/detail/get_metadata__struct.h
[7.668s] -- Symlinking: /home/krri/OS0_Insta360-Calibration/sensor_ws/install/ouster_sensor_msgs/include/ouster_sensor_msgs/ouster_sensor_msgs/srv/detail/get_metadata__type_support.h
[7.677s] -- Symlinking: /home/krri/OS0_Insta360-Calibration/sensor_ws/install/ouster_sensor_msgs/include/ouster_sensor_msgs/ouster_sensor_msgs/srv/detail/set_config__functions.h
[7.685s] -- Symlinking: /home/krri/OS0_Insta360-Calibration/sensor_ws/install/ouster_sensor_msgs/include/ouster_sensor_msgs/ouster_sensor_msgs/srv/detail/set_config__struct.h
[7.694s] -- Symlinking: /home/krri/OS0_Insta360-Calibration/sensor_ws/install/ouster_sensor_msgs/include/ouster_sensor_msgs/ouster_sensor_msgs/srv/detail/set_config__type_support.h
[7.702s] -- Symlinking: /home/krri/OS0_Insta360-Calibration/sensor_ws/install/ouster_sensor_msgs/include/ouster_sensor_msgs/ouster_sensor_msgs/srv/get_config.h
[7.711s] -- Symlinking: /home/krri/OS0_Insta360-Calibration/sensor_ws/install/ouster_sensor_msgs/include/ouster_sensor_msgs/ouster_sensor_msgs/srv/get_metadata.h
[7.719s] -- Symlinking: /home/krri/OS0_Insta360-Calibration/sensor_ws/install/ouster_sensor_msgs/include/ouster_sensor_msgs/ouster_sensor_msgs/srv/set_config.h
[7.728s] -- Symlinking: /home/krri/OS0_Insta360-Calibration/sensor_ws/install/ouster_sensor_msgs/share/ouster_sensor_msgs/environment/library_path.sh
[7.736s] -- Symlinking: /home/krri/OS0_Insta360-Calibration/sensor_ws/install/ouster_sensor_msgs/share/ouster_sensor_msgs/environment/library_path.dsv
[7.745s] -- Symlinking: /home/krri/OS0_Insta360-Calibration/sensor_ws/install/ouster_sensor_msgs/include/ouster_sensor_msgs/ouster_sensor_msgs/msg/detail/packet_msg__rosidl_typesupport_fastrtps_c.h
[7.754s] -- Symlinking: /home/krri/OS0_Insta360-Calibration/sensor_ws/install/ouster_sensor_msgs/include/ouster_sensor_msgs/ouster_sensor_msgs/msg/detail/telemetry__rosidl_typesupport_fastrtps_c.h
[7.763s] -- Symlinking: /home/krri/OS0_Insta360-Calibration/sensor_ws/install/ouster_sensor_msgs/include/ouster_sensor_msgs/ouster_sensor_msgs/msg/rosidl_typesupport_fastrtps_c__visibility_control.h
[7.771s] -- Symlinking: /home/krri/OS0_Insta360-Calibration/sensor_ws/install/ouster_sensor_msgs/include/ouster_sensor_msgs/ouster_sensor_msgs/srv/detail/get_config__rosidl_typesupport_fastrtps_c.h
[7.780s] -- Symlinking: /home/krri/OS0_Insta360-Calibration/sensor_ws/install/ouster_sensor_msgs/include/ouster_sensor_msgs/ouster_sensor_msgs/srv/detail/get_metadata__rosidl_typesupport_fastrtps_c.h
[7.788s] -- Symlinking: /home/krri/OS0_Insta360-Calibration/sensor_ws/install/ouster_sensor_msgs/include/ouster_sensor_msgs/ouster_sensor_msgs/srv/detail/set_config__rosidl_typesupport_fastrtps_c.h
[7.797s] -- Symlinking: /home/krri/OS0_Insta360-Calibration/sensor_ws/install/ouster_sensor_msgs/include/ouster_sensor_msgs/ouster_sensor_msgs/msg/detail/packet_msg__builder.hpp
[7.806s] -- Symlinking: /home/krri/OS0_Insta360-Calibration/sensor_ws/install/ouster_sensor_msgs/include/ouster_sensor_msgs/ouster_sensor_msgs/msg/detail/packet_msg__struct.hpp
[7.814s] -- Symlinking: /home/krri/OS0_Insta360-Calibration/sensor_ws/install/ouster_sensor_msgs/include/ouster_sensor_msgs/ouster_sensor_msgs/msg/detail/packet_msg__traits.hpp
[7.822s] -- Symlinking: /home/krri/OS0_Insta360-Calibration/sensor_ws/install/ouster_sensor_msgs/include/ouster_sensor_msgs/ouster_sensor_msgs/msg/detail/packet_msg__type_support.hpp
[7.830s] -- Symlinking: /home/krri/OS0_Insta360-Calibration/sensor_ws/install/ouster_sensor_msgs/include/ouster_sensor_msgs/ouster_sensor_msgs/msg/detail/telemetry__builder.hpp
[7.839s] -- Symlinking: /home/krri/OS0_Insta360-Calibration/sensor_ws/install/ouster_sensor_msgs/include/ouster_sensor_msgs/ouster_sensor_msgs/msg/detail/telemetry__struct.hpp
[7.847s] -- Symlinking: /home/krri/OS0_Insta360-Calibration/sensor_ws/install/ouster_sensor_msgs/include/ouster_sensor_msgs/ouster_sensor_msgs/msg/detail/telemetry__traits.hpp
[7.856s] -- Symlinking: /home/krri/OS0_Insta360-Calibration/sensor_ws/install/ouster_sensor_msgs/include/ouster_sensor_msgs/ouster_sensor_msgs/msg/detail/telemetry__type_support.hpp
[7.865s] -- Symlinking: /home/krri/OS0_Insta360-Calibration/sensor_ws/install/ouster_sensor_msgs/include/ouster_sensor_msgs/ouster_sensor_msgs/msg/packet_msg.hpp
[7.873s] -- Symlinking: /home/krri/OS0_Insta360-Calibration/sensor_ws/install/ouster_sensor_msgs/include/ouster_sensor_msgs/ouster_sensor_msgs/msg/rosidl_generator_cpp__visibility_control.hpp
[7.882s] -- Symlinking: /home/krri/OS0_Insta360-Calibration/sensor_ws/install/ouster_sensor_msgs/include/ouster_sensor_msgs/ouster_sensor_msgs/msg/telemetry.hpp
[7.890s] -- Symlinking: /home/krri/OS0_Insta360-Calibration/sensor_ws/install/ouster_sensor_msgs/include/ouster_sensor_msgs/ouster_sensor_msgs/srv/detail/get_config__builder.hpp
[7.899s] -- Symlinking: /home/krri/OS0_Insta360-Calibration/sensor_ws/install/ouster_sensor_msgs/include/ouster_sensor_msgs/ouster_sensor_msgs/srv/detail/get_config__struct.hpp
[7.907s] -- Symlinking: /home/krri/OS0_Insta360-Calibration/sensor_ws/install/ouster_sensor_msgs/include/ouster_sensor_msgs/ouster_sensor_msgs/srv/detail/get_config__traits.hpp
[7.915s] -- Symlinking: /home/krri/OS0_Insta360-Calibration/sensor_ws/install/ouster_sensor_msgs/include/ouster_sensor_msgs/ouster_sensor_msgs/srv/detail/get_config__type_support.hpp
[7.923s] -- Symlinking: /home/krri/OS0_Insta360-Calibration/sensor_ws/install/ouster_sensor_msgs/include/ouster_sensor_msgs/ouster_sensor_msgs/srv/detail/get_metadata__builder.hpp
[7.932s] -- Symlinking: /home/krri/OS0_Insta360-Calibration/sensor_ws/install/ouster_sensor_msgs/include/ouster_sensor_msgs/ouster_sensor_msgs/srv/detail/get_metadata__struct.hpp
[7.941s] -- Symlinking: /home/krri/OS0_Insta360-Calibration/sensor_ws/install/ouster_sensor_msgs/include/ouster_sensor_msgs/ouster_sensor_msgs/srv/detail/get_metadata__traits.hpp
[7.949s] -- Symlinking: /home/krri/OS0_Insta360-Calibration/sensor_ws/install/ouster_sensor_msgs/include/ouster_sensor_msgs/ouster_sensor_msgs/srv/detail/get_metadata__type_support.hpp
[7.958s] -- Symlinking: /home/krri/OS0_Insta360-Calibration/sensor_ws/install/ouster_sensor_msgs/include/ouster_sensor_msgs/ouster_sensor_msgs/srv/detail/set_config__builder.hpp
[7.966s] -- Symlinking: /home/krri/OS0_Insta360-Calibration/sensor_ws/install/ouster_sensor_msgs/include/ouster_sensor_msgs/ouster_sensor_msgs/srv/detail/set_config__struct.hpp
[7.974s] -- Symlinking: /home/krri/OS0_Insta360-Calibration/sensor_ws/install/ouster_sensor_msgs/include/ouster_sensor_msgs/ouster_sensor_msgs/srv/detail/set_config__traits.hpp
[7.983s] -- Symlinking: /home/krri/OS0_Insta360-Calibration/sensor_ws/install/ouster_sensor_msgs/include/ouster_sensor_msgs/ouster_sensor_msgs/srv/detail/set_config__type_support.hpp
[7.991s] -- Symlinking: /home/krri/OS0_Insta360-Calibration/sensor_ws/install/ouster_sensor_msgs/include/ouster_sensor_msgs/ouster_sensor_msgs/srv/get_config.hpp
[8.000s] -- Symlinking: /home/krri/OS0_Insta360-Calibration/sensor_ws/install/ouster_sensor_msgs/include/ouster_sensor_msgs/ouster_sensor_msgs/srv/get_metadata.hpp
[8.009s] -- Symlinking: /home/krri/OS0_Insta360-Calibration/sensor_ws/install/ouster_sensor_msgs/include/ouster_sensor_msgs/ouster_sensor_msgs/srv/set_config.hpp
[8.018s] -- Symlinking: /home/krri/OS0_Insta360-Calibration/sensor_ws/install/ouster_sensor_msgs/include/ouster_sensor_msgs/ouster_sensor_msgs/msg/detail/packet_msg__rosidl_typesupport_fastrtps_cpp.hpp
[8.026s] -- Symlinking: /home/krri/OS0_Insta360-Calibration/sensor_ws/install/ouster_sensor_msgs/include/ouster_sensor_msgs/ouster_sensor_msgs/msg/detail/telemetry__rosidl_typesupport_fastrtps_cpp.hpp
[8.034s] -- Symlinking: /home/krri/OS0_Insta360-Calibration/sensor_ws/install/ouster_sensor_msgs/include/ouster_sensor_msgs/ouster_sensor_msgs/msg/rosidl_typesupport_fastrtps_cpp__visibility_control.h
[8.043s] -- Symlinking: /home/krri/OS0_Insta360-Calibration/sensor_ws/install/ouster_sensor_msgs/include/ouster_sensor_msgs/ouster_sensor_msgs/srv/detail/get_config__rosidl_typesupport_fastrtps_cpp.hpp
[8.051s] -- Symlinking: /home/krri/OS0_Insta360-Calibration/sensor_ws/install/ouster_sensor_msgs/include/ouster_sensor_msgs/ouster_sensor_msgs/srv/detail/get_metadata__rosidl_typesupport_fastrtps_cpp.hpp
[8.060s] -- Symlinking: /home/krri/OS0_Insta360-Calibration/sensor_ws/install/ouster_sensor_msgs/include/ouster_sensor_msgs/ouster_sensor_msgs/srv/detail/set_config__rosidl_typesupport_fastrtps_cpp.hpp
[8.068s] -- Symlinking: /home/krri/OS0_Insta360-Calibration/sensor_ws/install/ouster_sensor_msgs/include/ouster_sensor_msgs/ouster_sensor_msgs/msg/detail/packet_msg__rosidl_typesupport_introspection_c.h
[8.077s] -- Symlinking: /home/krri/OS0_Insta360-Calibration/sensor_ws/install/ouster_sensor_msgs/include/ouster_sensor_msgs/ouster_sensor_msgs/msg/detail/telemetry__rosidl_typesupport_introspection_c.h
[8.085s] -- Symlinking: /home/krri/OS0_Insta360-Calibration/sensor_ws/install/ouster_sensor_msgs/include/ouster_sensor_msgs/ouster_sensor_msgs/msg/rosidl_typesupport_introspection_c__visibility_control.h
[8.094s] -- Symlinking: /home/krri/OS0_Insta360-Calibration/sensor_ws/install/ouster_sensor_msgs/include/ouster_sensor_msgs/ouster_sensor_msgs/srv/detail/get_config__rosidl_typesupport_introspection_c.h
[8.102s] -- Symlinking: /home/krri/OS0_Insta360-Calibration/sensor_ws/install/ouster_sensor_msgs/include/ouster_sensor_msgs/ouster_sensor_msgs/srv/detail/get_metadata__rosidl_typesupport_introspection_c.h
[8.111s] -- Symlinking: /home/krri/OS0_Insta360-Calibration/sensor_ws/install/ouster_sensor_msgs/include/ouster_sensor_msgs/ouster_sensor_msgs/srv/detail/set_config__rosidl_typesupport_introspection_c.h
[8.120s] -- Symlinking: /home/krri/OS0_Insta360-Calibration/sensor_ws/install/ouster_sensor_msgs/include/ouster_sensor_msgs/ouster_sensor_msgs/msg/detail/packet_msg__rosidl_typesupport_introspection_cpp.hpp
[8.128s] -- Symlinking: /home/krri/OS0_Insta360-Calibration/sensor_ws/install/ouster_sensor_msgs/include/ouster_sensor_msgs/ouster_sensor_msgs/msg/detail/telemetry__rosidl_typesupport_introspection_cpp.hpp
[8.136s] -- Symlinking: /home/krri/OS0_Insta360-Calibration/sensor_ws/install/ouster_sensor_msgs/include/ouster_sensor_msgs/ouster_sensor_msgs/srv/detail/get_config__rosidl_typesupport_introspection_cpp.hpp
[8.145s] -- Symlinking: /home/krri/OS0_Insta360-Calibration/sensor_ws/install/ouster_sensor_msgs/include/ouster_sensor_msgs/ouster_sensor_msgs/srv/detail/get_metadata__rosidl_typesupport_introspection_cpp.hpp
[8.153s] -- Symlinking: /home/krri/OS0_Insta360-Calibration/sensor_ws/install/ouster_sensor_msgs/include/ouster_sensor_msgs/ouster_sensor_msgs/srv/detail/set_config__rosidl_typesupport_introspection_cpp.hpp
[8.162s] -- Symlinking: /home/krri/OS0_Insta360-Calibration/sensor_ws/install/ouster_sensor_msgs/share/ouster_sensor_msgs/environment/pythonpath.sh
[8.170s] -- Symlinking: /home/krri/OS0_Insta360-Calibration/sensor_ws/install/ouster_sensor_msgs/share/ouster_sensor_msgs/environment/pythonpath.dsv
[8.179s] -- Symlinking: /home/krri/OS0_Insta360-Calibration/sensor_ws/install/ouster_sensor_msgs/local/lib/python3.10/dist-packages/ouster_sensor_msgs-0.12.2-py3.10.egg-info/PKG-INFO
[8.187s] -- Symlinking: /home/krri/OS0_Insta360-Calibration/sensor_ws/install/ouster_sensor_msgs/local/lib/python3.10/dist-packages/ouster_sensor_msgs-0.12.2-py3.10.egg-info/SOURCES.txt
[8.196s] -- Symlinking: /home/krri/OS0_Insta360-Calibration/sensor_ws/install/ouster_sensor_msgs/local/lib/python3.10/dist-packages/ouster_sensor_msgs-0.12.2-py3.10.egg-info/dependency_links.txt
[8.204s] -- Symlinking: /home/krri/OS0_Insta360-Calibration/sensor_ws/install/ouster_sensor_msgs/local/lib/python3.10/dist-packages/ouster_sensor_msgs-0.12.2-py3.10.egg-info/top_level.txt
[8.214s] -- Symlinking: /home/krri/OS0_Insta360-Calibration/sensor_ws/install/ouster_sensor_msgs/local/lib/python3.10/dist-packages/ouster_sensor_msgs/__init__.py
[8.222s] -- Symlinking: /home/krri/OS0_Insta360-Calibration/sensor_ws/install/ouster_sensor_msgs/local/lib/python3.10/dist-packages/ouster_sensor_msgs/_ouster_sensor_msgs_s.ep.rosidl_typesupport_c.c
[8.232s] -- Symlinking: /home/krri/OS0_Insta360-Calibration/sensor_ws/install/ouster_sensor_msgs/local/lib/python3.10/dist-packages/ouster_sensor_msgs/_ouster_sensor_msgs_s.ep.rosidl_typesupport_fastrtps_c.c
[8.240s] -- Symlinking: /home/krri/OS0_Insta360-Calibration/sensor_ws/install/ouster_sensor_msgs/local/lib/python3.10/dist-packages/ouster_sensor_msgs/_ouster_sensor_msgs_s.ep.rosidl_typesupport_introspection_c.c
[8.250s] -- Symlinking: /home/krri/OS0_Insta360-Calibration/sensor_ws/install/ouster_sensor_msgs/local/lib/python3.10/dist-packages/ouster_sensor_msgs/libouster_sensor_msgs__rosidl_generator_py.so
[8.259s] -- Symlinking: /home/krri/OS0_Insta360-Calibration/sensor_ws/install/ouster_sensor_msgs/local/lib/python3.10/dist-packages/ouster_sensor_msgs/msg/__init__.py
[8.267s] -- Symlinking: /home/krri/OS0_Insta360-Calibration/sensor_ws/install/ouster_sensor_msgs/local/lib/python3.10/dist-packages/ouster_sensor_msgs/msg/_packet_msg.py
[8.276s] -- Symlinking: /home/krri/OS0_Insta360-Calibration/sensor_ws/install/ouster_sensor_msgs/local/lib/python3.10/dist-packages/ouster_sensor_msgs/msg/_packet_msg_s.c
[8.285s] -- Symlinking: /home/krri/OS0_Insta360-Calibration/sensor_ws/install/ouster_sensor_msgs/local/lib/python3.10/dist-packages/ouster_sensor_msgs/msg/_telemetry.py
[8.295s] -- Symlinking: /home/krri/OS0_Insta360-Calibration/sensor_ws/install/ouster_sensor_msgs/local/lib/python3.10/dist-packages/ouster_sensor_msgs/msg/_telemetry_s.c
[8.304s] -- Symlinking: /home/krri/OS0_Insta360-Calibration/sensor_ws/install/ouster_sensor_msgs/local/lib/python3.10/dist-packages/ouster_sensor_msgs/ouster_sensor_msgs_s__rosidl_typesupport_c.cpython-310-x86_64-linux-gnu.so
[8.313s] -- Symlinking: /home/krri/OS0_Insta360-Calibration/sensor_ws/install/ouster_sensor_msgs/local/lib/python3.10/dist-packages/ouster_sensor_msgs/ouster_sensor_msgs_s__rosidl_typesupport_fastrtps_c.cpython-310-x86_64-linux-gnu.so
[8.322s] -- Symlinking: /home/krri/OS0_Insta360-Calibration/sensor_ws/install/ouster_sensor_msgs/local/lib/python3.10/dist-packages/ouster_sensor_msgs/ouster_sensor_msgs_s__rosidl_typesupport_introspection_c.cpython-310-x86_64-linux-gnu.so
[8.331s] -- Symlinking: /home/krri/OS0_Insta360-Calibration/sensor_ws/install/ouster_sensor_msgs/local/lib/python3.10/dist-packages/ouster_sensor_msgs/srv/__init__.py
[8.339s] -- Symlinking: /home/krri/OS0_Insta360-Calibration/sensor_ws/install/ouster_sensor_msgs/local/lib/python3.10/dist-packages/ouster_sensor_msgs/srv/_get_config.py
[8.348s] -- Symlinking: /home/krri/OS0_Insta360-Calibration/sensor_ws/install/ouster_sensor_msgs/local/lib/python3.10/dist-packages/ouster_sensor_msgs/srv/_get_config_s.c
[8.357s] -- Symlinking: /home/krri/OS0_Insta360-Calibration/sensor_ws/install/ouster_sensor_msgs/local/lib/python3.10/dist-packages/ouster_sensor_msgs/srv/_get_metadata.py
[8.366s] -- Symlinking: /home/krri/OS0_Insta360-Calibration/sensor_ws/install/ouster_sensor_msgs/local/lib/python3.10/dist-packages/ouster_sensor_msgs/srv/_get_metadata_s.c
[8.375s] -- Symlinking: /home/krri/OS0_Insta360-Calibration/sensor_ws/install/ouster_sensor_msgs/local/lib/python3.10/dist-packages/ouster_sensor_msgs/srv/_set_config.py
[8.383s] -- Symlinking: /home/krri/OS0_Insta360-Calibration/sensor_ws/install/ouster_sensor_msgs/local/lib/python3.10/dist-packages/ouster_sensor_msgs/srv/_set_config_s.c
[8.392s] -- Up-to-date symlink: /home/krri/OS0_Insta360-Calibration/sensor_ws/install/ouster_sensor_msgs/local/lib/python3.10/dist-packages/ouster_sensor_msgs/ouster_sensor_msgs_s__rosidl_typesupport_fastrtps_c.cpython-310-x86_64-linux-gnu.so
[8.392s] -- Up-to-date symlink: /home/krri/OS0_Insta360-Calibration/sensor_ws/install/ouster_sensor_msgs/local/lib/python3.10/dist-packages/ouster_sensor_msgs/ouster_sensor_msgs_s__rosidl_typesupport_introspection_c.cpython-310-x86_64-linux-gnu.so
[8.393s] -- Up-to-date symlink: /home/krri/OS0_Insta360-Calibration/sensor_ws/install/ouster_sensor_msgs/local/lib/python3.10/dist-packages/ouster_sensor_msgs/ouster_sensor_msgs_s__rosidl_typesupport_c.cpython-310-x86_64-linux-gnu.so
[8.393s] -- Symlinking: /home/krri/OS0_Insta360-Calibration/sensor_ws/install/ouster_sensor_msgs/share/ouster_sensor_msgs/msg/PacketMsg.idl
[8.402s] -- Symlinking: /home/krri/OS0_Insta360-Calibration/sensor_ws/install/ouster_sensor_msgs/share/ouster_sensor_msgs/msg/Telemetry.idl
[8.410s] -- Symlinking: /home/krri/OS0_Insta360-Calibration/sensor_ws/install/ouster_sensor_msgs/share/ouster_sensor_msgs/srv/GetConfig.idl
[8.419s] -- Symlinking: /home/krri/OS0_Insta360-Calibration/sensor_ws/install/ouster_sensor_msgs/share/ouster_sensor_msgs/srv/SetConfig.idl
[8.428s] -- Symlinking: /home/krri/OS0_Insta360-Calibration/sensor_ws/install/ouster_sensor_msgs/share/ouster_sensor_msgs/srv/GetMetadata.idl
[8.436s] -- Symlinking: /home/krri/OS0_Insta360-Calibration/sensor_ws/install/ouster_sensor_msgs/share/ouster_sensor_msgs/msg/PacketMsg.msg
[8.445s] -- Symlinking: /home/krri/OS0_Insta360-Calibration/sensor_ws/install/ouster_sensor_msgs/share/ouster_sensor_msgs/msg/Telemetry.msg
[8.454s] -- Symlinking: /home/krri/OS0_Insta360-Calibration/sensor_ws/install/ouster_sensor_msgs/share/ouster_sensor_msgs/srv/GetConfig.srv
[8.462s] -- Symlinking: /home/krri/OS0_Insta360-Calibration/sensor_ws/install/ouster_sensor_msgs/share/ouster_sensor_msgs/srv/GetConfig_Request.msg
[8.471s] -- Symlinking: /home/krri/OS0_Insta360-Calibration/sensor_ws/install/ouster_sensor_msgs/share/ouster_sensor_msgs/srv/GetConfig_Response.msg
[8.479s] -- Symlinking: /home/krri/OS0_Insta360-Calibration/sensor_ws/install/ouster_sensor_msgs/share/ouster_sensor_msgs/srv/SetConfig.srv
[8.488s] -- Symlinking: /home/krri/OS0_Insta360-Calibration/sensor_ws/install/ouster_sensor_msgs/share/ouster_sensor_msgs/srv/SetConfig_Request.msg
[8.497s] -- Symlinking: /home/krri/OS0_Insta360-Calibration/sensor_ws/install/ouster_sensor_msgs/share/ouster_sensor_msgs/srv/SetConfig_Response.msg
[8.505s] -- Symlinking: /home/krri/OS0_Insta360-Calibration/sensor_ws/install/ouster_sensor_msgs/share/ouster_sensor_msgs/srv/GetMetadata.srv
[8.514s] -- Symlinking: /home/krri/OS0_Insta360-Calibration/sensor_ws/install/ouster_sensor_msgs/share/ouster_sensor_msgs/srv/GetMetadata_Request.msg
[8.523s] -- Symlinking: /home/krri/OS0_Insta360-Calibration/sensor_ws/install/ouster_sensor_msgs/share/ouster_sensor_msgs/srv/GetMetadata_Response.msg
[8.533s] -- Symlinking: /home/krri/OS0_Insta360-Calibration/sensor_ws/install/ouster_sensor_msgs/share/ament_index/resource_index/package_run_dependencies/ouster_sensor_msgs
[8.542s] -- Symlinking: /home/krri/OS0_Insta360-Calibration/sensor_ws/install/ouster_sensor_msgs/share/ament_index/resource_index/parent_prefix_path/ouster_sensor_msgs
[8.550s] -- Symlinking: /home/krri/OS0_Insta360-Calibration/sensor_ws/install/ouster_sensor_msgs/share/ouster_sensor_msgs/environment/ament_prefix_path.sh
[8.559s] -- Symlinking: /home/krri/OS0_Insta360-Calibration/sensor_ws/install/ouster_sensor_msgs/share/ouster_sensor_msgs/environment/ament_prefix_path.dsv
[8.568s] -- Symlinking: /home/krri/OS0_Insta360-Calibration/sensor_ws/install/ouster_sensor_msgs/share/ouster_sensor_msgs/environment/path.sh
[8.576s] -- Symlinking: /home/krri/OS0_Insta360-Calibration/sensor_ws/install/ouster_sensor_msgs/share/ouster_sensor_msgs/environment/path.dsv
[8.586s] -- Symlinking: /home/krri/OS0_Insta360-Calibration/sensor_ws/install/ouster_sensor_msgs/share/ouster_sensor_msgs/local_setup.bash
[8.594s] -- Symlinking: /home/krri/OS0_Insta360-Calibration/sensor_ws/install/ouster_sensor_msgs/share/ouster_sensor_msgs/local_setup.sh
[8.603s] -- Symlinking: /home/krri/OS0_Insta360-Calibration/sensor_ws/install/ouster_sensor_msgs/share/ouster_sensor_msgs/local_setup.zsh
[8.612s] -- Symlinking: /home/krri/OS0_Insta360-Calibration/sensor_ws/install/ouster_sensor_msgs/share/ouster_sensor_msgs/local_setup.dsv
[8.621s] -- Symlinking: /home/krri/OS0_Insta360-Calibration/sensor_ws/install/ouster_sensor_msgs/share/ouster_sensor_msgs/package.dsv
[8.629s] -- Symlinking: /home/krri/OS0_Insta360-Calibration/sensor_ws/install/ouster_sensor_msgs/share/ament_index/resource_index/packages/ouster_sensor_msgs
[8.638s] -- Symlinking: /home/krri/OS0_Insta360-Calibration/sensor_ws/install/ouster_sensor_msgs/share/ouster_sensor_msgs/cmake/rosidl_cmake-extras.cmake
[8.647s] -- Symlinking: /home/krri/OS0_Insta360-Calibration/sensor_ws/install/ouster_sensor_msgs/share/ouster_sensor_msgs/cmake/ament_cmake_export_dependencies-extras.cmake
[8.655s] -- Symlinking: /home/krri/OS0_Insta360-Calibration/sensor_ws/install/ouster_sensor_msgs/share/ouster_sensor_msgs/cmake/ament_cmake_export_include_directories-extras.cmake
[8.664s] -- Symlinking: /home/krri/OS0_Insta360-Calibration/sensor_ws/install/ouster_sensor_msgs/share/ouster_sensor_msgs/cmake/ament_cmake_export_libraries-extras.cmake
[8.673s] -- Symlinking: /home/krri/OS0_Insta360-Calibration/sensor_ws/install/ouster_sensor_msgs/share/ouster_sensor_msgs/cmake/ament_cmake_export_targets-extras.cmake
[8.681s] -- Symlinking: /home/krri/OS0_Insta360-Calibration/sensor_ws/install/ouster_sensor_msgs/share/ouster_sensor_msgs/cmake/rosidl_cmake_export_typesupport_targets-extras.cmake
[8.690s] -- Symlinking: /home/krri/OS0_Insta360-Calibration/sensor_ws/install/ouster_sensor_msgs/share/ouster_sensor_msgs/cmake/rosidl_cmake_export_typesupport_libraries-extras.cmake
[8.699s] -- Symlinking: /home/krri/OS0_Insta360-Calibration/sensor_ws/install/ouster_sensor_msgs/share/ouster_sensor_msgs/cmake/ouster_sensor_msgsConfig.cmake
[8.708s] -- Symlinking: /home/krri/OS0_Insta360-Calibration/sensor_ws/install/ouster_sensor_msgs/share/ouster_sensor_msgs/cmake/ouster_sensor_msgsConfig-version.cmake
[8.716s] -- Symlinking: /home/krri/OS0_Insta360-Calibration/sensor_ws/install/ouster_sensor_msgs/share/ouster_sensor_msgs/package.xml
[8.725s] -- Installing: /home/krri/OS0_Insta360-Calibration/sensor_ws/install/ouster_sensor_msgs/lib/libouster_sensor_msgs__rosidl_generator_c.so
[8.725s] -- Set runtime path of "/home/krri/OS0_Insta360-Calibration/sensor_ws/install/ouster_sensor_msgs/lib/libouster_sensor_msgs__rosidl_generator_c.so" to ""
[8.726s] -- Installing: /home/krri/OS0_Insta360-Calibration/sensor_ws/install/ouster_sensor_msgs/lib/libouster_sensor_msgs__rosidl_typesupport_fastrtps_c.so
[8.726s] -- Set runtime path of "/home/krri/OS0_Insta360-Calibration/sensor_ws/install/ouster_sensor_msgs/lib/libouster_sensor_msgs__rosidl_typesupport_fastrtps_c.so" to ""
[8.726s] -- Installing: /home/krri/OS0_Insta360-Calibration/sensor_ws/install/ouster_sensor_msgs/lib/libouster_sensor_msgs__rosidl_typesupport_fastrtps_cpp.so
[8.727s] -- Set runtime path of "/home/krri/OS0_Insta360-Calibration/sensor_ws/install/ouster_sensor_msgs/lib/libouster_sensor_msgs__rosidl_typesupport_fastrtps_cpp.so" to ""
[8.727s] -- Installing: /home/krri/OS0_Insta360-Calibration/sensor_ws/install/ouster_sensor_msgs/lib/libouster_sensor_msgs__rosidl_typesupport_introspection_c.so
[8.727s] -- Set runtime path of "/home/krri/OS0_Insta360-Calibration/sensor_ws/install/ouster_sensor_msgs/lib/libouster_sensor_msgs__rosidl_typesupport_introspection_c.so" to ""
[8.727s] -- Installing: /home/krri/OS0_Insta360-Calibration/sensor_ws/install/ouster_sensor_msgs/lib/libouster_sensor_msgs__rosidl_typesupport_c.so
[8.728s] -- Set runtime path of "/home/krri/OS0_Insta360-Calibration/sensor_ws/install/ouster_sensor_msgs/lib/libouster_sensor_msgs__rosidl_typesupport_c.so" to ""
[8.728s] -- Installing: /home/krri/OS0_Insta360-Calibration/sensor_ws/install/ouster_sensor_msgs/lib/libouster_sensor_msgs__rosidl_typesupport_introspection_cpp.so
[8.728s] -- Set runtime path of "/home/krri/OS0_Insta360-Calibration/sensor_ws/install/ouster_sensor_msgs/lib/libouster_sensor_msgs__rosidl_typesupport_introspection_cpp.so" to ""
[8.728s] -- Installing: /home/krri/OS0_Insta360-Calibration/sensor_ws/install/ouster_sensor_msgs/lib/libouster_sensor_msgs__rosidl_typesupport_cpp.so
[8.728s] -- Set runtime path of "/home/krri/OS0_Insta360-Calibration/sensor_ws/install/ouster_sensor_msgs/lib/libouster_sensor_msgs__rosidl_typesupport_cpp.so" to ""
[8.766s] Listing '/home/krri/OS0_Insta360-Calibration/sensor_ws/install/ouster_sensor_msgs/local/lib/python3.10/dist-packages/ouster_sensor_msgs'...
[8.767s] Compiling '/home/krri/OS0_Insta360-Calibration/sensor_ws/install/ouster_sensor_msgs/local/lib/python3.10/dist-packages/ouster_sensor_msgs/__init__.py'...
[8.767s] Listing '/home/krri/OS0_Insta360-Calibration/sensor_ws/install/ouster_sensor_msgs/local/lib/python3.10/dist-packages/ouster_sensor_msgs/msg'...
[8.767s] Compiling '/home/krri/OS0_Insta360-Calibration/sensor_ws/install/ouster_sensor_msgs/local/lib/python3.10/dist-packages/ouster_sensor_msgs/msg/__init__.py'...
[8.767s] Compiling '/home/krri/OS0_Insta360-Calibration/sensor_ws/install/ouster_sensor_msgs/local/lib/python3.10/dist-packages/ouster_sensor_msgs/msg/_packet_msg.py'...
[8.767s] Compiling '/home/krri/OS0_Insta360-Calibration/sensor_ws/install/ouster_sensor_msgs/local/lib/python3.10/dist-packages/ouster_sensor_msgs/msg/_telemetry.py'...
[8.767s] Listing '/home/krri/OS0_Insta360-Calibration/sensor_ws/install/ouster_sensor_msgs/local/lib/python3.10/dist-packages/ouster_sensor_msgs/srv'...
[8.767s] Compiling '/home/krri/OS0_Insta360-Calibration/sensor_ws/install/ouster_sensor_msgs/local/lib/python3.10/dist-packages/ouster_sensor_msgs/srv/__init__.py'...
[8.767s] Compiling '/home/krri/OS0_Insta360-Calibration/sensor_ws/install/ouster_sensor_msgs/local/lib/python3.10/dist-packages/ouster_sensor_msgs/srv/_get_config.py'...
[8.767s] Compiling '/home/krri/OS0_Insta360-Calibration/sensor_ws/install/ouster_sensor_msgs/local/lib/python3.10/dist-packages/ouster_sensor_msgs/srv/_get_metadata.py'...
[8.767s] Compiling '/home/krri/OS0_Insta360-Calibration/sensor_ws/install/ouster_sensor_msgs/local/lib/python3.10/dist-packages/ouster_sensor_msgs/srv/_set_config.py'...
[8.772s] -- Installing: /home/krri/OS0_Insta360-Calibration/sensor_ws/install/ouster_sensor_msgs/lib/libouster_sensor_msgs__rosidl_generator_py.so
[8.772s] -- Set runtime path of "/home/krri/OS0_Insta360-Calibration/sensor_ws/install/ouster_sensor_msgs/lib/libouster_sensor_msgs__rosidl_generator_py.so" to ""
[8.772s] -- Installing: /home/krri/OS0_Insta360-Calibration/sensor_ws/install/ouster_sensor_msgs/share/ouster_sensor_msgs/cmake/export_ouster_sensor_msgs__rosidl_generator_cExport.cmake
[8.772s] -- Installing: /home/krri/OS0_Insta360-Calibration/sensor_ws/install/ouster_sensor_msgs/share/ouster_sensor_msgs/cmake/export_ouster_sensor_msgs__rosidl_generator_cExport-noconfig.cmake
[8.772s] -- Installing: /home/krri/OS0_Insta360-Calibration/sensor_ws/install/ouster_sensor_msgs/share/ouster_sensor_msgs/cmake/export_ouster_sensor_msgs__rosidl_typesupport_fastrtps_cExport.cmake
[8.773s] -- Installing: /home/krri/OS0_Insta360-Calibration/sensor_ws/install/ouster_sensor_msgs/share/ouster_sensor_msgs/cmake/export_ouster_sensor_msgs__rosidl_typesupport_fastrtps_cExport-noconfig.cmake
[8.773s] -- Installing: /home/krri/OS0_Insta360-Calibration/sensor_ws/install/ouster_sensor_msgs/share/ouster_sensor_msgs/cmake/export_ouster_sensor_msgs__rosidl_generator_cppExport.cmake
[8.773s] -- Installing: /home/krri/OS0_Insta360-Calibration/sensor_ws/install/ouster_sensor_msgs/share/ouster_sensor_msgs/cmake/export_ouster_sensor_msgs__rosidl_typesupport_fastrtps_cppExport.cmake
[8.773s] -- Installing: /home/krri/OS0_Insta360-Calibration/sensor_ws/install/ouster_sensor_msgs/share/ouster_sensor_msgs/cmake/export_ouster_sensor_msgs__rosidl_typesupport_fastrtps_cppExport-noconfig.cmake
[8.773s] -- Installing: /home/krri/OS0_Insta360-Calibration/sensor_ws/install/ouster_sensor_msgs/share/ouster_sensor_msgs/cmake/ouster_sensor_msgs__rosidl_typesupport_introspection_cExport.cmake
[8.773s] -- Installing: /home/krri/OS0_Insta360-Calibration/sensor_ws/install/ouster_sensor_msgs/share/ouster_sensor_msgs/cmake/ouster_sensor_msgs__rosidl_typesupport_introspection_cExport-noconfig.cmake
[8.774s] -- Installing: /home/krri/OS0_Insta360-Calibration/sensor_ws/install/ouster_sensor_msgs/share/ouster_sensor_msgs/cmake/ouster_sensor_msgs__rosidl_typesupport_cExport.cmake
[8.774s] -- Installing: /home/krri/OS0_Insta360-Calibration/sensor_ws/install/ouster_sensor_msgs/share/ouster_sensor_msgs/cmake/ouster_sensor_msgs__rosidl_typesupport_cExport-noconfig.cmake
[8.774s] -- Installing: /home/krri/OS0_Insta360-Calibration/sensor_ws/install/ouster_sensor_msgs/share/ouster_sensor_msgs/cmake/ouster_sensor_msgs__rosidl_typesupport_introspection_cppExport.cmake
[8.774s] -- Installing: /home/krri/OS0_Insta360-Calibration/sensor_ws/install/ouster_sensor_msgs/share/ouster_sensor_msgs/cmake/ouster_sensor_msgs__rosidl_typesupport_introspection_cppExport-noconfig.cmake
[8.774s] -- Installing: /home/krri/OS0_Insta360-Calibration/sensor_ws/install/ouster_sensor_msgs/share/ouster_sensor_msgs/cmake/ouster_sensor_msgs__rosidl_typesupport_cppExport.cmake
[8.774s] -- Installing: /home/krri/OS0_Insta360-Calibration/sensor_ws/install/ouster_sensor_msgs/share/ouster_sensor_msgs/cmake/ouster_sensor_msgs__rosidl_typesupport_cppExport-noconfig.cmake
[8.774s] -- Installing: /home/krri/OS0_Insta360-Calibration/sensor_ws/install/ouster_sensor_msgs/share/ouster_sensor_msgs/cmake/export_ouster_sensor_msgs__rosidl_generator_pyExport.cmake
[8.775s] -- Installing: /home/krri/OS0_Insta360-Calibration/sensor_ws/install/ouster_sensor_msgs/share/ouster_sensor_msgs/cmake/export_ouster_sensor_msgs__rosidl_generator_pyExport-noconfig.cmake
[8.777s] Invoked command in '/home/krri/OS0_Insta360-Calibration/sensor_ws/build/ouster_sensor_msgs' returned '0': CMAKE_PREFIX_PATH=/opt/ros/humble /usr/bin/cmake --install /home/krri/OS0_Insta360-Calibration/sensor_ws/build/ouster_sensor_msgs
