[0.112s] DEBUG:colcon:Command line arguments: ['/usr/bin/colcon', 'build', '--symlink-install']
[0.112s] DEBUG:colcon:Parsed command line arguments: Namespace(log_base=None, log_level=None, verb_name='build', build_base='build', install_base='install', merge_install=False, symlink_install=True, test_result_base=None, continue_on_error=False, executor='parallel', parallel_workers=4, event_handlers=None, ignore_user_meta=False, metas=['./colcon.meta'], base_paths=['.'], packages_ignore=None, packages_ignore_regex=None, paths=None, packages_up_to=None, packages_up_to_regex=None, packages_above=None, packages_above_and_dependencies=None, packages_above_depth=None, packages_select_by_dep=None, packages_skip_by_dep=None, packages_skip_up_to=None, packages_select_build_failed=False, packages_skip_build_finished=False, packages_select_test_failures=False, packages_skip_test_passed=False, packages_select=None, packages_skip=None, packages_select_regex=None, packages_skip_regex=None, packages_start=None, packages_end=None, allow_overriding=[], cmake_args=None, cmake_target=None, cmake_target_skip_unavailable=False, cmake_clean_cache=False, cmake_clean_first=False, cmake_force_configure=False, ament_cmake_args=None, catkin_cmake_args=None, catkin_skip_building_tests=False, mixin_files=None, mixin=None, verb_parser=<colcon_mixin.mixin.mixin_argument.MixinArgumentDecorator object at 0x761aabe6aaa0>, verb_extension=<colcon_core.verb.build.BuildVerb object at 0x761aabfe75b0>, main=<bound method BuildVerb.main of <colcon_core.verb.build.BuildVerb object at 0x761aabfe75b0>>, mixin_verb=('build',))
[0.292s] Level 1:colcon.colcon_core.package_discovery:discover_packages(colcon_meta) check parameters
[0.293s] Level 1:colcon.colcon_core.package_discovery:discover_packages(recursive) check parameters
[0.293s] Level 1:colcon.colcon_core.package_discovery:discover_packages(ignore) check parameters
[0.293s] Level 1:colcon.colcon_core.package_discovery:discover_packages(path) check parameters
[0.293s] Level 1:colcon.colcon_core.package_discovery:discover_packages(colcon_meta) discover
[0.293s] Level 1:colcon.colcon_core.package_discovery:discover_packages(recursive) discover
[0.293s] INFO:colcon.colcon_core.package_discovery:Crawling recursively for packages in '/home/krri/OS0_Insta360-Calibration/sensor_ws'
[0.293s] Level 1:colcon.colcon_core.package_identification:_identify(.) by extensions ['ignore', 'ignore_ament_install']
[0.293s] Level 1:colcon.colcon_core.package_identification:_identify(.) by extension 'ignore'
[0.293s] Level 1:colcon.colcon_core.package_identification:_identify(.) by extension 'ignore_ament_install'
[0.293s] Level 1:colcon.colcon_core.package_identification:_identify(.) by extensions ['colcon_pkg']
[0.293s] Level 1:colcon.colcon_core.package_identification:_identify(.) by extension 'colcon_pkg'
[0.293s] Level 1:colcon.colcon_core.package_identification:_identify(.) by extensions ['colcon_meta']
[0.293s] Level 1:colcon.colcon_core.package_identification:_identify(.) by extension 'colcon_meta'
[0.293s] Level 1:colcon.colcon_core.package_identification:_identify(.) by extensions ['ros']
[0.293s] Level 1:colcon.colcon_core.package_identification:_identify(.) by extension 'ros'
[0.304s] Level 1:colcon.colcon_core.package_identification:_identify(.) by extensions ['cmake', 'python']
[0.304s] Level 1:colcon.colcon_core.package_identification:_identify(.) by extension 'cmake'
[0.304s] Level 1:colcon.colcon_core.package_identification:_identify(.) by extension 'python'
[0.304s] Level 1:colcon.colcon_core.package_identification:_identify(.) by extensions ['python_setup_py']
[0.304s] Level 1:colcon.colcon_core.package_identification:_identify(.) by extension 'python_setup_py'
[0.304s] Level 1:colcon.colcon_core.package_identification:_identify(build) by extensions ['ignore', 'ignore_ament_install']
[0.304s] Level 1:colcon.colcon_core.package_identification:_identify(build) by extension 'ignore'
[0.304s] Level 1:colcon.colcon_core.package_identification:_identify(build) ignored
[0.304s] Level 1:colcon.colcon_core.package_identification:_identify(install) by extensions ['ignore', 'ignore_ament_install']
[0.304s] Level 1:colcon.colcon_core.package_identification:_identify(install) by extension 'ignore'
[0.304s] Level 1:colcon.colcon_core.package_identification:_identify(install) ignored
[0.304s] Level 1:colcon.colcon_core.package_identification:_identify(log) by extensions ['ignore', 'ignore_ament_install']
[0.304s] Level 1:colcon.colcon_core.package_identification:_identify(log) by extension 'ignore'
[0.304s] Level 1:colcon.colcon_core.package_identification:_identify(log) ignored
[0.305s] Level 1:colcon.colcon_core.package_identification:_identify(src) by extensions ['ignore', 'ignore_ament_install']
[0.305s] Level 1:colcon.colcon_core.package_identification:_identify(src) by extension 'ignore'
[0.305s] Level 1:colcon.colcon_core.package_identification:_identify(src) by extension 'ignore_ament_install'
[0.305s] Level 1:colcon.colcon_core.package_identification:_identify(src) by extensions ['colcon_pkg']
[0.305s] Level 1:colcon.colcon_core.package_identification:_identify(src) by extension 'colcon_pkg'
[0.305s] Level 1:colcon.colcon_core.package_identification:_identify(src) by extensions ['colcon_meta']
[0.305s] Level 1:colcon.colcon_core.package_identification:_identify(src) by extension 'colcon_meta'
[0.305s] Level 1:colcon.colcon_core.package_identification:_identify(src) by extensions ['ros']
[0.305s] Level 1:colcon.colcon_core.package_identification:_identify(src) by extension 'ros'
[0.305s] Level 1:colcon.colcon_core.package_identification:_identify(src) by extensions ['cmake', 'python']
[0.305s] Level 1:colcon.colcon_core.package_identification:_identify(src) by extension 'cmake'
[0.305s] Level 1:colcon.colcon_core.package_identification:_identify(src) by extension 'python'
[0.305s] Level 1:colcon.colcon_core.package_identification:_identify(src) by extensions ['python_setup_py']
[0.305s] Level 1:colcon.colcon_core.package_identification:_identify(src) by extension 'python_setup_py'
[0.305s] Level 1:colcon.colcon_core.package_identification:_identify(src/ouster-ros) by extensions ['ignore', 'ignore_ament_install']
[0.305s] Level 1:colcon.colcon_core.package_identification:_identify(src/ouster-ros) by extension 'ignore'
[0.305s] Level 1:colcon.colcon_core.package_identification:_identify(src/ouster-ros) by extension 'ignore_ament_install'
[0.305s] Level 1:colcon.colcon_core.package_identification:_identify(src/ouster-ros) by extensions ['colcon_pkg']
[0.305s] Level 1:colcon.colcon_core.package_identification:_identify(src/ouster-ros) by extension 'colcon_pkg'
[0.305s] Level 1:colcon.colcon_core.package_identification:_identify(src/ouster-ros) by extensions ['colcon_meta']
[0.305s] Level 1:colcon.colcon_core.package_identification:_identify(src/ouster-ros) by extension 'colcon_meta'
[0.305s] Level 1:colcon.colcon_core.package_identification:_identify(src/ouster-ros) by extensions ['ros']
[0.305s] Level 1:colcon.colcon_core.package_identification:_identify(src/ouster-ros) by extension 'ros'
[0.309s] DEBUG:colcon.colcon_core.package_identification:Package 'src/ouster-ros' with type 'ros.ament_cmake' and name 'ouster_ros'
[0.309s] Level 1:colcon.colcon_core.package_identification:_identify(src/ouster-sensor-msgs) by extensions ['ignore', 'ignore_ament_install']
[0.309s] Level 1:colcon.colcon_core.package_identification:_identify(src/ouster-sensor-msgs) by extension 'ignore'
[0.309s] Level 1:colcon.colcon_core.package_identification:_identify(src/ouster-sensor-msgs) by extension 'ignore_ament_install'
[0.309s] Level 1:colcon.colcon_core.package_identification:_identify(src/ouster-sensor-msgs) by extensions ['colcon_pkg']
[0.309s] Level 1:colcon.colcon_core.package_identification:_identify(src/ouster-sensor-msgs) by extension 'colcon_pkg'
[0.309s] Level 1:colcon.colcon_core.package_identification:_identify(src/ouster-sensor-msgs) by extensions ['colcon_meta']
[0.309s] Level 1:colcon.colcon_core.package_identification:_identify(src/ouster-sensor-msgs) by extension 'colcon_meta'
[0.309s] Level 1:colcon.colcon_core.package_identification:_identify(src/ouster-sensor-msgs) by extensions ['ros']
[0.309s] Level 1:colcon.colcon_core.package_identification:_identify(src/ouster-sensor-msgs) by extension 'ros'
[0.310s] DEBUG:colcon.colcon_core.package_identification:Package 'src/ouster-sensor-msgs' with type 'ros.ament_cmake' and name 'ouster_sensor_msgs'
[0.310s] Level 1:colcon.colcon_core.package_identification:_identify(src/test_package) by extensions ['ignore', 'ignore_ament_install']
[0.310s] Level 1:colcon.colcon_core.package_identification:_identify(src/test_package) by extension 'ignore'
[0.310s] Level 1:colcon.colcon_core.package_identification:_identify(src/test_package) by extension 'ignore_ament_install'
[0.310s] Level 1:colcon.colcon_core.package_identification:_identify(src/test_package) by extensions ['colcon_pkg']
[0.310s] Level 1:colcon.colcon_core.package_identification:_identify(src/test_package) by extension 'colcon_pkg'
[0.310s] Level 1:colcon.colcon_core.package_identification:_identify(src/test_package) by extensions ['colcon_meta']
[0.310s] Level 1:colcon.colcon_core.package_identification:_identify(src/test_package) by extension 'colcon_meta'
[0.310s] Level 1:colcon.colcon_core.package_identification:_identify(src/test_package) by extensions ['ros']
[0.310s] Level 1:colcon.colcon_core.package_identification:_identify(src/test_package) by extension 'ros'
[0.311s] DEBUG:colcon.colcon_core.package_identification:Package 'src/test_package' with type 'ros.ament_python' and name 'test_package'
[0.311s] Level 1:colcon.colcon_core.package_discovery:discover_packages(recursive) using defaults
[0.311s] Level 1:colcon.colcon_core.package_discovery:discover_packages(ignore) discover
[0.311s] Level 1:colcon.colcon_core.package_discovery:discover_packages(ignore) using defaults
[0.311s] Level 1:colcon.colcon_core.package_discovery:discover_packages(path) discover
[0.311s] Level 1:colcon.colcon_core.package_discovery:discover_packages(path) using defaults
[0.340s] Level 1:colcon.colcon_core.package_discovery:discover_packages(prefix_path) check parameters
[0.340s] Level 1:colcon.colcon_core.package_discovery:discover_packages(prefix_path) discover
[0.343s] DEBUG:colcon.colcon_installed_package_information.package_discovery:Found 274 installed packages in /opt/ros/humble
[0.345s] Level 1:colcon.colcon_core.package_discovery:discover_packages(prefix_path) using defaults
[0.382s] Level 5:colcon.colcon_core.verb:set package 'ouster_sensor_msgs' build argument 'cmake_args' from command line to 'None'
[0.382s] Level 5:colcon.colcon_core.verb:set package 'ouster_sensor_msgs' build argument 'cmake_target' from command line to 'None'
[0.382s] Level 5:colcon.colcon_core.verb:set package 'ouster_sensor_msgs' build argument 'cmake_target_skip_unavailable' from command line to 'False'
[0.382s] Level 5:colcon.colcon_core.verb:set package 'ouster_sensor_msgs' build argument 'cmake_clean_cache' from command line to 'False'
[0.382s] Level 5:colcon.colcon_core.verb:set package 'ouster_sensor_msgs' build argument 'cmake_clean_first' from command line to 'False'
[0.382s] Level 5:colcon.colcon_core.verb:set package 'ouster_sensor_msgs' build argument 'cmake_force_configure' from command line to 'False'
[0.382s] Level 5:colcon.colcon_core.verb:set package 'ouster_sensor_msgs' build argument 'ament_cmake_args' from command line to 'None'
[0.382s] Level 5:colcon.colcon_core.verb:set package 'ouster_sensor_msgs' build argument 'catkin_cmake_args' from command line to 'None'
[0.382s] Level 5:colcon.colcon_core.verb:set package 'ouster_sensor_msgs' build argument 'catkin_skip_building_tests' from command line to 'False'
[0.382s] DEBUG:colcon.colcon_core.verb:Building package 'ouster_sensor_msgs' with the following arguments: {'ament_cmake_args': None, 'build_base': '/home/krri/OS0_Insta360-Calibration/sensor_ws/build/ouster_sensor_msgs', 'catkin_cmake_args': None, 'catkin_skip_building_tests': False, 'cmake_args': None, 'cmake_clean_cache': False, 'cmake_clean_first': False, 'cmake_force_configure': False, 'cmake_target': None, 'cmake_target_skip_unavailable': False, 'install_base': '/home/krri/OS0_Insta360-Calibration/sensor_ws/install/ouster_sensor_msgs', 'merge_install': False, 'path': '/home/krri/OS0_Insta360-Calibration/sensor_ws/src/ouster-sensor-msgs', 'symlink_install': True, 'test_result_base': None}
[0.382s] Level 5:colcon.colcon_core.verb:set package 'test_package' build argument 'cmake_args' from command line to 'None'
[0.382s] Level 5:colcon.colcon_core.verb:set package 'test_package' build argument 'cmake_target' from command line to 'None'
[0.382s] Level 5:colcon.colcon_core.verb:set package 'test_package' build argument 'cmake_target_skip_unavailable' from command line to 'False'
[0.382s] Level 5:colcon.colcon_core.verb:set package 'test_package' build argument 'cmake_clean_cache' from command line to 'False'
[0.382s] Level 5:colcon.colcon_core.verb:set package 'test_package' build argument 'cmake_clean_first' from command line to 'False'
[0.382s] Level 5:colcon.colcon_core.verb:set package 'test_package' build argument 'cmake_force_configure' from command line to 'False'
[0.382s] Level 5:colcon.colcon_core.verb:set package 'test_package' build argument 'ament_cmake_args' from command line to 'None'
[0.382s] Level 5:colcon.colcon_core.verb:set package 'test_package' build argument 'catkin_cmake_args' from command line to 'None'
[0.382s] Level 5:colcon.colcon_core.verb:set package 'test_package' build argument 'catkin_skip_building_tests' from command line to 'False'
[0.382s] DEBUG:colcon.colcon_core.verb:Building package 'test_package' with the following arguments: {'ament_cmake_args': None, 'build_base': '/home/krri/OS0_Insta360-Calibration/sensor_ws/build/test_package', 'catkin_cmake_args': None, 'catkin_skip_building_tests': False, 'cmake_args': None, 'cmake_clean_cache': False, 'cmake_clean_first': False, 'cmake_force_configure': False, 'cmake_target': None, 'cmake_target_skip_unavailable': False, 'install_base': '/home/krri/OS0_Insta360-Calibration/sensor_ws/install/test_package', 'merge_install': False, 'path': '/home/krri/OS0_Insta360-Calibration/sensor_ws/src/test_package', 'symlink_install': True, 'test_result_base': None}
[0.383s] Level 5:colcon.colcon_core.verb:set package 'ouster_ros' build argument 'cmake_args' from command line to 'None'
[0.383s] Level 5:colcon.colcon_core.verb:set package 'ouster_ros' build argument 'cmake_target' from command line to 'None'
[0.383s] Level 5:colcon.colcon_core.verb:set package 'ouster_ros' build argument 'cmake_target_skip_unavailable' from command line to 'False'
[0.383s] Level 5:colcon.colcon_core.verb:set package 'ouster_ros' build argument 'cmake_clean_cache' from command line to 'False'
[0.383s] Level 5:colcon.colcon_core.verb:set package 'ouster_ros' build argument 'cmake_clean_first' from command line to 'False'
[0.383s] Level 5:colcon.colcon_core.verb:set package 'ouster_ros' build argument 'cmake_force_configure' from command line to 'False'
[0.383s] Level 5:colcon.colcon_core.verb:set package 'ouster_ros' build argument 'ament_cmake_args' from command line to 'None'
[0.383s] Level 5:colcon.colcon_core.verb:set package 'ouster_ros' build argument 'catkin_cmake_args' from command line to 'None'
[0.383s] Level 5:colcon.colcon_core.verb:set package 'ouster_ros' build argument 'catkin_skip_building_tests' from command line to 'False'
[0.383s] DEBUG:colcon.colcon_core.verb:Building package 'ouster_ros' with the following arguments: {'ament_cmake_args': None, 'build_base': '/home/krri/OS0_Insta360-Calibration/sensor_ws/build/ouster_ros', 'catkin_cmake_args': None, 'catkin_skip_building_tests': False, 'cmake_args': None, 'cmake_clean_cache': False, 'cmake_clean_first': False, 'cmake_force_configure': False, 'cmake_target': None, 'cmake_target_skip_unavailable': False, 'install_base': '/home/krri/OS0_Insta360-Calibration/sensor_ws/install/ouster_ros', 'merge_install': False, 'path': '/home/krri/OS0_Insta360-Calibration/sensor_ws/src/ouster-ros', 'symlink_install': True, 'test_result_base': None}
[0.383s] INFO:colcon.colcon_core.executor:Executing jobs using 'parallel' executor
[0.384s] DEBUG:colcon.colcon_parallel_executor.executor.parallel:run_until_complete
[0.384s] INFO:colcon.colcon_ros.task.ament_cmake.build:Building ROS package in '/home/krri/OS0_Insta360-Calibration/sensor_ws/src/ouster-sensor-msgs' with build type 'ament_cmake'
[0.384s] INFO:colcon.colcon_cmake.task.cmake.build:Building CMake package in '/home/krri/OS0_Insta360-Calibration/sensor_ws/src/ouster-sensor-msgs'
[0.387s] INFO:colcon.colcon_core.plugin_system:Skipping extension 'colcon_core.shell.bat': Not used on non-Windows systems
[0.387s] INFO:colcon.colcon_core.shell:Skip shell extension 'powershell' for command environment: Not usable outside of PowerShell
[0.387s] DEBUG:colcon.colcon_core.shell:Skip shell extension 'dsv' for command environment
[0.389s] INFO:colcon.colcon_ros.task.ament_python.build:Building ROS package in '/home/krri/OS0_Insta360-Calibration/sensor_ws/src/test_package' with build type 'ament_python'
[0.390s] Level 1:colcon.colcon_core.shell:create_environment_hook('test_package', 'ament_prefix_path')
[0.390s] INFO:colcon.colcon_core.shell:Creating environment hook '/home/krri/OS0_Insta360-Calibration/sensor_ws/install/test_package/share/test_package/hook/ament_prefix_path.ps1'
[0.391s] INFO:colcon.colcon_core.shell:Creating environment descriptor '/home/krri/OS0_Insta360-Calibration/sensor_ws/install/test_package/share/test_package/hook/ament_prefix_path.dsv'
[0.391s] INFO:colcon.colcon_core.shell:Creating environment hook '/home/krri/OS0_Insta360-Calibration/sensor_ws/install/test_package/share/test_package/hook/ament_prefix_path.sh'
[0.392s] INFO:colcon.colcon_core.shell:Skip shell extension 'powershell' for command environment: Not usable outside of PowerShell
[0.392s] DEBUG:colcon.colcon_core.shell:Skip shell extension 'dsv' for command environment
[0.399s] DEBUG:colcon.colcon_core.event_handler.log_command:Invoking command in '/home/krri/OS0_Insta360-Calibration/sensor_ws/build/ouster_sensor_msgs': CMAKE_PREFIX_PATH=/opt/ros/humble /usr/bin/cmake /home/krri/OS0_Insta360-Calibration/sensor_ws/src/ouster-sensor-msgs -DAMENT_CMAKE_SYMLINK_INSTALL=1 -DCMAKE_INSTALL_PREFIX=/home/krri/OS0_Insta360-Calibration/sensor_ws/install/ouster_sensor_msgs
[0.681s] INFO:colcon.colcon_core.task.python.build:Building Python package in '/home/krri/OS0_Insta360-Calibration/sensor_ws/src/test_package'
[0.682s] INFO:colcon.colcon_core.shell:Skip shell extension 'powershell' for command environment: Not usable outside of PowerShell
[0.682s] DEBUG:colcon.colcon_core.shell:Skip shell extension 'dsv' for command environment
[1.063s] DEBUG:colcon.colcon_core.event_handler.log_command:Invoking command in '/home/krri/OS0_Insta360-Calibration/sensor_ws/build/test_package': PYTHONPATH=/home/krri/OS0_Insta360-Calibration/sensor_ws/build/test_package/prefix_override:/usr/lib/python3/dist-packages/colcon_core/task/python/colcon_distutils_commands:/home/krri/OS0_Insta360-Calibration/sensor_ws/install/test_package/lib/python3.10/site-packages:${PYTHONPATH} /usr/bin/python3 -W ignore:setup.py install is deprecated -W ignore:easy_install command is deprecated setup.py develop --editable --build-directory /home/krri/OS0_Insta360-Calibration/sensor_ws/build/test_package/build --no-deps symlink_data
[1.555s] Level 1:colcon.colcon_core.shell:create_environment_hook('test_package', 'pythonpath_develop')
[1.555s] INFO:colcon.colcon_core.shell:Creating environment hook '/home/krri/OS0_Insta360-Calibration/sensor_ws/build/test_package/share/test_package/hook/pythonpath_develop.ps1'
[1.556s] DEBUG:colcon.colcon_core.event_handler.log_command:Invoked command in '/home/krri/OS0_Insta360-Calibration/sensor_ws/build/test_package' returned '0': PYTHONPATH=/home/krri/OS0_Insta360-Calibration/sensor_ws/build/test_package/prefix_override:/usr/lib/python3/dist-packages/colcon_core/task/python/colcon_distutils_commands:/home/krri/OS0_Insta360-Calibration/sensor_ws/install/test_package/lib/python3.10/site-packages:${PYTHONPATH} /usr/bin/python3 -W ignore:setup.py install is deprecated -W ignore:easy_install command is deprecated setup.py develop --editable --build-directory /home/krri/OS0_Insta360-Calibration/sensor_ws/build/test_package/build --no-deps symlink_data
[1.556s] INFO:colcon.colcon_core.shell:Creating environment descriptor '/home/krri/OS0_Insta360-Calibration/sensor_ws/build/test_package/share/test_package/hook/pythonpath_develop.dsv'
[1.556s] INFO:colcon.colcon_core.shell:Creating environment hook '/home/krri/OS0_Insta360-Calibration/sensor_ws/build/test_package/share/test_package/hook/pythonpath_develop.sh'
[1.559s] Level 1:colcon.colcon_core.environment:checking '/home/krri/OS0_Insta360-Calibration/sensor_ws/install/test_package' for CMake module files
[1.559s] Level 1:colcon.colcon_core.environment:checking '/home/krri/OS0_Insta360-Calibration/sensor_ws/install/test_package' for CMake config files
[1.560s] Level 1:colcon.colcon_core.environment:checking '/home/krri/OS0_Insta360-Calibration/sensor_ws/install/test_package/lib'
[1.560s] Level 1:colcon.colcon_core.environment:checking '/home/krri/OS0_Insta360-Calibration/sensor_ws/install/test_package/bin'
[1.560s] Level 1:colcon.colcon_core.environment:checking '/home/krri/OS0_Insta360-Calibration/sensor_ws/install/test_package/lib/pkgconfig/test_package.pc'
[1.560s] Level 1:colcon.colcon_core.environment:checking '/home/krri/OS0_Insta360-Calibration/sensor_ws/install/test_package/lib/python3.10/site-packages'
[1.560s] Level 1:colcon.colcon_core.shell:create_environment_hook('test_package', 'pythonpath')
[1.560s] INFO:colcon.colcon_core.shell:Creating environment hook '/home/krri/OS0_Insta360-Calibration/sensor_ws/install/test_package/share/test_package/hook/pythonpath.ps1'
[1.561s] INFO:colcon.colcon_core.shell:Creating environment descriptor '/home/krri/OS0_Insta360-Calibration/sensor_ws/install/test_package/share/test_package/hook/pythonpath.dsv'
[1.561s] INFO:colcon.colcon_core.shell:Creating environment hook '/home/krri/OS0_Insta360-Calibration/sensor_ws/install/test_package/share/test_package/hook/pythonpath.sh'
[1.562s] Level 1:colcon.colcon_core.environment:checking '/home/krri/OS0_Insta360-Calibration/sensor_ws/install/test_package/bin'
[1.562s] Level 1:colcon.colcon_core.environment:create_environment_scripts_only(test_package)
[1.562s] INFO:colcon.colcon_core.shell:Creating package script '/home/krri/OS0_Insta360-Calibration/sensor_ws/install/test_package/share/test_package/package.ps1'
[1.563s] INFO:colcon.colcon_core.shell:Creating package descriptor '/home/krri/OS0_Insta360-Calibration/sensor_ws/install/test_package/share/test_package/package.dsv'
[1.563s] INFO:colcon.colcon_core.shell:Creating package script '/home/krri/OS0_Insta360-Calibration/sensor_ws/install/test_package/share/test_package/package.sh'
[1.564s] INFO:colcon.colcon_core.shell:Creating package script '/home/krri/OS0_Insta360-Calibration/sensor_ws/install/test_package/share/test_package/package.bash'
[1.565s] INFO:colcon.colcon_core.shell:Creating package script '/home/krri/OS0_Insta360-Calibration/sensor_ws/install/test_package/share/test_package/package.zsh'
[1.565s] Level 1:colcon.colcon_core.environment:create_file_with_runtime_dependencies(/home/krri/OS0_Insta360-Calibration/sensor_ws/install/test_package/share/colcon-core/packages/test_package)
[2.009s] DEBUG:colcon.colcon_core.event_handler.log_command:Invoked command in '/home/krri/OS0_Insta360-Calibration/sensor_ws/build/ouster_sensor_msgs' returned '0': CMAKE_PREFIX_PATH=/opt/ros/humble /usr/bin/cmake /home/krri/OS0_Insta360-Calibration/sensor_ws/src/ouster-sensor-msgs -DAMENT_CMAKE_SYMLINK_INSTALL=1 -DCMAKE_INSTALL_PREFIX=/home/krri/OS0_Insta360-Calibration/sensor_ws/install/ouster_sensor_msgs
[2.011s] DEBUG:colcon.colcon_core.event_handler.log_command:Invoking command in '/home/krri/OS0_Insta360-Calibration/sensor_ws/build/ouster_sensor_msgs': CMAKE_PREFIX_PATH=/opt/ros/humble /usr/bin/cmake --build /home/krri/OS0_Insta360-Calibration/sensor_ws/build/ouster_sensor_msgs -- -j4 -l4
[7.908s] DEBUG:colcon.colcon_core.event_handler.log_command:Invoked command in '/home/krri/OS0_Insta360-Calibration/sensor_ws/build/ouster_sensor_msgs' returned '0': CMAKE_PREFIX_PATH=/opt/ros/humble /usr/bin/cmake --build /home/krri/OS0_Insta360-Calibration/sensor_ws/build/ouster_sensor_msgs -- -j4 -l4
[7.918s] DEBUG:colcon.colcon_core.event_handler.log_command:Invoking command in '/home/krri/OS0_Insta360-Calibration/sensor_ws/build/ouster_sensor_msgs': CMAKE_PREFIX_PATH=/opt/ros/humble /usr/bin/cmake --install /home/krri/OS0_Insta360-Calibration/sensor_ws/build/ouster_sensor_msgs
[9.161s] Level 1:colcon.colcon_core.environment:create_environment_scripts_only(ouster_sensor_msgs)
[9.162s] DEBUG:colcon.colcon_core.event_handler.log_command:Invoked command in '/home/krri/OS0_Insta360-Calibration/sensor_ws/build/ouster_sensor_msgs' returned '0': CMAKE_PREFIX_PATH=/opt/ros/humble /usr/bin/cmake --install /home/krri/OS0_Insta360-Calibration/sensor_ws/build/ouster_sensor_msgs
[9.162s] Level 1:colcon.colcon_core.environment:checking '/home/krri/OS0_Insta360-Calibration/sensor_ws/install/ouster_sensor_msgs' for CMake module files
[9.163s] Level 1:colcon.colcon_core.environment:checking '/home/krri/OS0_Insta360-Calibration/sensor_ws/install/ouster_sensor_msgs' for CMake config files
[9.163s] Level 1:colcon.colcon_core.shell:create_environment_hook('ouster_sensor_msgs', 'cmake_prefix_path')
[9.163s] INFO:colcon.colcon_core.shell:Creating environment hook '/home/krri/OS0_Insta360-Calibration/sensor_ws/install/ouster_sensor_msgs/share/ouster_sensor_msgs/hook/cmake_prefix_path.ps1'
[9.164s] INFO:colcon.colcon_core.shell:Creating environment descriptor '/home/krri/OS0_Insta360-Calibration/sensor_ws/install/ouster_sensor_msgs/share/ouster_sensor_msgs/hook/cmake_prefix_path.dsv'
[9.164s] INFO:colcon.colcon_core.shell:Creating environment hook '/home/krri/OS0_Insta360-Calibration/sensor_ws/install/ouster_sensor_msgs/share/ouster_sensor_msgs/hook/cmake_prefix_path.sh'
[9.164s] Level 1:colcon.colcon_core.environment:checking '/home/krri/OS0_Insta360-Calibration/sensor_ws/install/ouster_sensor_msgs/lib'
[9.165s] Level 1:colcon.colcon_core.shell:create_environment_hook('ouster_sensor_msgs', 'ld_library_path_lib')
[9.165s] INFO:colcon.colcon_core.shell:Creating environment hook '/home/krri/OS0_Insta360-Calibration/sensor_ws/install/ouster_sensor_msgs/share/ouster_sensor_msgs/hook/ld_library_path_lib.ps1'
[9.165s] INFO:colcon.colcon_core.shell:Creating environment descriptor '/home/krri/OS0_Insta360-Calibration/sensor_ws/install/ouster_sensor_msgs/share/ouster_sensor_msgs/hook/ld_library_path_lib.dsv'
[9.165s] INFO:colcon.colcon_core.shell:Creating environment hook '/home/krri/OS0_Insta360-Calibration/sensor_ws/install/ouster_sensor_msgs/share/ouster_sensor_msgs/hook/ld_library_path_lib.sh'
[9.166s] Level 1:colcon.colcon_core.environment:checking '/home/krri/OS0_Insta360-Calibration/sensor_ws/install/ouster_sensor_msgs/bin'
[9.166s] Level 1:colcon.colcon_core.environment:checking '/home/krri/OS0_Insta360-Calibration/sensor_ws/install/ouster_sensor_msgs/lib/pkgconfig/ouster_sensor_msgs.pc'
[9.166s] Level 1:colcon.colcon_core.environment:checking '/home/krri/OS0_Insta360-Calibration/sensor_ws/install/ouster_sensor_msgs/lib/python3.10/site-packages'
[9.166s] Level 1:colcon.colcon_core.environment:checking '/home/krri/OS0_Insta360-Calibration/sensor_ws/install/ouster_sensor_msgs/bin'
[9.167s] INFO:colcon.colcon_core.shell:Creating package script '/home/krri/OS0_Insta360-Calibration/sensor_ws/install/ouster_sensor_msgs/share/ouster_sensor_msgs/package.ps1'
[9.167s] INFO:colcon.colcon_core.shell:Creating package descriptor '/home/krri/OS0_Insta360-Calibration/sensor_ws/install/ouster_sensor_msgs/share/ouster_sensor_msgs/package.dsv'
[9.167s] INFO:colcon.colcon_core.shell:Creating package script '/home/krri/OS0_Insta360-Calibration/sensor_ws/install/ouster_sensor_msgs/share/ouster_sensor_msgs/package.sh'
[9.168s] INFO:colcon.colcon_core.shell:Creating package script '/home/krri/OS0_Insta360-Calibration/sensor_ws/install/ouster_sensor_msgs/share/ouster_sensor_msgs/package.bash'
[9.168s] INFO:colcon.colcon_core.shell:Creating package script '/home/krri/OS0_Insta360-Calibration/sensor_ws/install/ouster_sensor_msgs/share/ouster_sensor_msgs/package.zsh'
[9.168s] Level 1:colcon.colcon_core.environment:create_file_with_runtime_dependencies(/home/krri/OS0_Insta360-Calibration/sensor_ws/install/ouster_sensor_msgs/share/colcon-core/packages/ouster_sensor_msgs)
[9.169s] Level 1:colcon.colcon_core.environment:create_environment_scripts_only(ouster_sensor_msgs)
[9.169s] Level 1:colcon.colcon_core.environment:checking '/home/krri/OS0_Insta360-Calibration/sensor_ws/install/ouster_sensor_msgs' for CMake module files
[9.170s] Level 1:colcon.colcon_core.environment:checking '/home/krri/OS0_Insta360-Calibration/sensor_ws/install/ouster_sensor_msgs' for CMake config files
[9.170s] Level 1:colcon.colcon_core.shell:create_environment_hook('ouster_sensor_msgs', 'cmake_prefix_path')
[9.170s] INFO:colcon.colcon_core.shell:Creating environment hook '/home/krri/OS0_Insta360-Calibration/sensor_ws/install/ouster_sensor_msgs/share/ouster_sensor_msgs/hook/cmake_prefix_path.ps1'
[9.171s] INFO:colcon.colcon_core.shell:Creating environment descriptor '/home/krri/OS0_Insta360-Calibration/sensor_ws/install/ouster_sensor_msgs/share/ouster_sensor_msgs/hook/cmake_prefix_path.dsv'
[9.171s] INFO:colcon.colcon_core.shell:Creating environment hook '/home/krri/OS0_Insta360-Calibration/sensor_ws/install/ouster_sensor_msgs/share/ouster_sensor_msgs/hook/cmake_prefix_path.sh'
[9.171s] Level 1:colcon.colcon_core.environment:checking '/home/krri/OS0_Insta360-Calibration/sensor_ws/install/ouster_sensor_msgs/lib'
[9.171s] Level 1:colcon.colcon_core.shell:create_environment_hook('ouster_sensor_msgs', 'ld_library_path_lib')
[9.172s] INFO:colcon.colcon_core.shell:Creating environment hook '/home/krri/OS0_Insta360-Calibration/sensor_ws/install/ouster_sensor_msgs/share/ouster_sensor_msgs/hook/ld_library_path_lib.ps1'
[9.172s] INFO:colcon.colcon_core.shell:Creating environment descriptor '/home/krri/OS0_Insta360-Calibration/sensor_ws/install/ouster_sensor_msgs/share/ouster_sensor_msgs/hook/ld_library_path_lib.dsv'
[9.172s] INFO:colcon.colcon_core.shell:Creating environment hook '/home/krri/OS0_Insta360-Calibration/sensor_ws/install/ouster_sensor_msgs/share/ouster_sensor_msgs/hook/ld_library_path_lib.sh'
[9.173s] Level 1:colcon.colcon_core.environment:checking '/home/krri/OS0_Insta360-Calibration/sensor_ws/install/ouster_sensor_msgs/bin'
[9.173s] Level 1:colcon.colcon_core.environment:checking '/home/krri/OS0_Insta360-Calibration/sensor_ws/install/ouster_sensor_msgs/lib/pkgconfig/ouster_sensor_msgs.pc'
[9.173s] Level 1:colcon.colcon_core.environment:checking '/home/krri/OS0_Insta360-Calibration/sensor_ws/install/ouster_sensor_msgs/lib/python3.10/site-packages'
[9.173s] Level 1:colcon.colcon_core.environment:checking '/home/krri/OS0_Insta360-Calibration/sensor_ws/install/ouster_sensor_msgs/bin'
[9.173s] INFO:colcon.colcon_core.shell:Creating package script '/home/krri/OS0_Insta360-Calibration/sensor_ws/install/ouster_sensor_msgs/share/ouster_sensor_msgs/package.ps1'
[9.174s] INFO:colcon.colcon_core.shell:Creating package descriptor '/home/krri/OS0_Insta360-Calibration/sensor_ws/install/ouster_sensor_msgs/share/ouster_sensor_msgs/package.dsv'
[9.174s] INFO:colcon.colcon_core.shell:Creating package script '/home/krri/OS0_Insta360-Calibration/sensor_ws/install/ouster_sensor_msgs/share/ouster_sensor_msgs/package.sh'
[9.175s] INFO:colcon.colcon_core.shell:Creating package script '/home/krri/OS0_Insta360-Calibration/sensor_ws/install/ouster_sensor_msgs/share/ouster_sensor_msgs/package.bash'
[9.175s] INFO:colcon.colcon_core.shell:Creating package script '/home/krri/OS0_Insta360-Calibration/sensor_ws/install/ouster_sensor_msgs/share/ouster_sensor_msgs/package.zsh'
[9.175s] Level 1:colcon.colcon_core.environment:create_file_with_runtime_dependencies(/home/krri/OS0_Insta360-Calibration/sensor_ws/install/ouster_sensor_msgs/share/colcon-core/packages/ouster_sensor_msgs)
[9.176s] INFO:colcon.colcon_ros.task.ament_cmake.build:Building ROS package in '/home/krri/OS0_Insta360-Calibration/sensor_ws/src/ouster-ros' with build type 'ament_cmake'
[9.176s] INFO:colcon.colcon_cmake.task.cmake.build:Building CMake package in '/home/krri/OS0_Insta360-Calibration/sensor_ws/src/ouster-ros'
[9.176s] INFO:colcon.colcon_core.shell:Skip shell extension 'powershell' for command environment: Not usable outside of PowerShell
[9.176s] DEBUG:colcon.colcon_core.shell:Skip shell extension 'dsv' for command environment
[9.185s] DEBUG:colcon.colcon_core.event_handler.log_command:Invoking command in '/home/krri/OS0_Insta360-Calibration/sensor_ws/build/ouster_ros': AMENT_PREFIX_PATH=/home/krri/OS0_Insta360-Calibration/sensor_ws/install/ouster_sensor_msgs:${AMENT_PREFIX_PATH} CMAKE_PREFIX_PATH=/home/krri/OS0_Insta360-Calibration/sensor_ws/install/ouster_sensor_msgs:/opt/ros/humble LD_LIBRARY_PATH=/home/krri/OS0_Insta360-Calibration/sensor_ws/install/ouster_sensor_msgs/lib:${LD_LIBRARY_PATH} PYTHONPATH=/home/krri/OS0_Insta360-Calibration/sensor_ws/install/ouster_sensor_msgs/local/lib/python3.10/dist-packages:${PYTHONPATH} /usr/bin/cmake /home/krri/OS0_Insta360-Calibration/sensor_ws/src/ouster-ros -DAMENT_CMAKE_SYMLINK_INSTALL=1 -DCMAKE_INSTALL_PREFIX=/home/krri/OS0_Insta360-Calibration/sensor_ws/install/ouster_ros
[10.852s] DEBUG:colcon.colcon_core.event_handler.log_command:Invoked command in '/home/krri/OS0_Insta360-Calibration/sensor_ws/build/ouster_ros' returned '0': AMENT_PREFIX_PATH=/home/krri/OS0_Insta360-Calibration/sensor_ws/install/ouster_sensor_msgs:${AMENT_PREFIX_PATH} CMAKE_PREFIX_PATH=/home/krri/OS0_Insta360-Calibration/sensor_ws/install/ouster_sensor_msgs:/opt/ros/humble LD_LIBRARY_PATH=/home/krri/OS0_Insta360-Calibration/sensor_ws/install/ouster_sensor_msgs/lib:${LD_LIBRARY_PATH} PYTHONPATH=/home/krri/OS0_Insta360-Calibration/sensor_ws/install/ouster_sensor_msgs/local/lib/python3.10/dist-packages:${PYTHONPATH} /usr/bin/cmake /home/krri/OS0_Insta360-Calibration/sensor_ws/src/ouster-ros -DAMENT_CMAKE_SYMLINK_INSTALL=1 -DCMAKE_INSTALL_PREFIX=/home/krri/OS0_Insta360-Calibration/sensor_ws/install/ouster_ros
[10.853s] DEBUG:colcon.colcon_core.event_handler.log_command:Invoking command in '/home/krri/OS0_Insta360-Calibration/sensor_ws/build/ouster_ros': AMENT_PREFIX_PATH=/home/krri/OS0_Insta360-Calibration/sensor_ws/install/ouster_sensor_msgs:${AMENT_PREFIX_PATH} CMAKE_PREFIX_PATH=/home/krri/OS0_Insta360-Calibration/sensor_ws/install/ouster_sensor_msgs:/opt/ros/humble LD_LIBRARY_PATH=/home/krri/OS0_Insta360-Calibration/sensor_ws/install/ouster_sensor_msgs/lib:${LD_LIBRARY_PATH} PYTHONPATH=/home/krri/OS0_Insta360-Calibration/sensor_ws/install/ouster_sensor_msgs/local/lib/python3.10/dist-packages:${PYTHONPATH} /usr/bin/cmake --build /home/krri/OS0_Insta360-Calibration/sensor_ws/build/ouster_ros -- -j4 -l4
[125.639s] DEBUG:colcon.colcon_core.event_handler.log_command:Invoked command in '/home/krri/OS0_Insta360-Calibration/sensor_ws/build/ouster_ros' returned '0': AMENT_PREFIX_PATH=/home/krri/OS0_Insta360-Calibration/sensor_ws/install/ouster_sensor_msgs:${AMENT_PREFIX_PATH} CMAKE_PREFIX_PATH=/home/krri/OS0_Insta360-Calibration/sensor_ws/install/ouster_sensor_msgs:/opt/ros/humble LD_LIBRARY_PATH=/home/krri/OS0_Insta360-Calibration/sensor_ws/install/ouster_sensor_msgs/lib:${LD_LIBRARY_PATH} PYTHONPATH=/home/krri/OS0_Insta360-Calibration/sensor_ws/install/ouster_sensor_msgs/local/lib/python3.10/dist-packages:${PYTHONPATH} /usr/bin/cmake --build /home/krri/OS0_Insta360-Calibration/sensor_ws/build/ouster_ros -- -j4 -l4
[125.641s] DEBUG:colcon.colcon_core.event_handler.log_command:Invoking command in '/home/krri/OS0_Insta360-Calibration/sensor_ws/build/ouster_ros': AMENT_PREFIX_PATH=/home/krri/OS0_Insta360-Calibration/sensor_ws/install/ouster_sensor_msgs:${AMENT_PREFIX_PATH} CMAKE_PREFIX_PATH=/home/krri/OS0_Insta360-Calibration/sensor_ws/install/ouster_sensor_msgs:/opt/ros/humble LD_LIBRARY_PATH=/home/krri/OS0_Insta360-Calibration/sensor_ws/install/ouster_sensor_msgs/lib:${LD_LIBRARY_PATH} PYTHONPATH=/home/krri/OS0_Insta360-Calibration/sensor_ws/install/ouster_sensor_msgs/local/lib/python3.10/dist-packages:${PYTHONPATH} /usr/bin/cmake --install /home/krri/OS0_Insta360-Calibration/sensor_ws/build/ouster_ros
[126.004s] DEBUG:colcon.colcon_core.event_handler.log_command:Invoked command in '/home/krri/OS0_Insta360-Calibration/sensor_ws/build/ouster_ros' returned '1': AMENT_PREFIX_PATH=/home/krri/OS0_Insta360-Calibration/sensor_ws/install/ouster_sensor_msgs:${AMENT_PREFIX_PATH} CMAKE_PREFIX_PATH=/home/krri/OS0_Insta360-Calibration/sensor_ws/install/ouster_sensor_msgs:/opt/ros/humble LD_LIBRARY_PATH=/home/krri/OS0_Insta360-Calibration/sensor_ws/install/ouster_sensor_msgs/lib:${LD_LIBRARY_PATH} PYTHONPATH=/home/krri/OS0_Insta360-Calibration/sensor_ws/install/ouster_sensor_msgs/local/lib/python3.10/dist-packages:${PYTHONPATH} /usr/bin/cmake --install /home/krri/OS0_Insta360-Calibration/sensor_ws/build/ouster_ros
[126.005s] Level 1:colcon.colcon_core.environment:create_environment_scripts_only(ouster_ros)
[126.005s] Level 1:colcon.colcon_core.environment:checking '/home/krri/OS0_Insta360-Calibration/sensor_ws/install/ouster_ros' for CMake module files
[126.005s] Level 1:colcon.colcon_core.environment:checking '/home/krri/OS0_Insta360-Calibration/sensor_ws/install/ouster_ros' for CMake config files
[126.005s] Level 1:colcon.colcon_core.shell:create_environment_hook('ouster_ros', 'cmake_prefix_path')
[126.006s] INFO:colcon.colcon_core.shell:Creating environment hook '/home/krri/OS0_Insta360-Calibration/sensor_ws/install/ouster_ros/share/ouster_ros/hook/cmake_prefix_path.ps1'
[126.006s] INFO:colcon.colcon_core.shell:Creating environment descriptor '/home/krri/OS0_Insta360-Calibration/sensor_ws/install/ouster_ros/share/ouster_ros/hook/cmake_prefix_path.dsv'
[126.006s] INFO:colcon.colcon_core.shell:Creating environment hook '/home/krri/OS0_Insta360-Calibration/sensor_ws/install/ouster_ros/share/ouster_ros/hook/cmake_prefix_path.sh'
[126.007s] Level 1:colcon.colcon_core.environment:checking '/home/krri/OS0_Insta360-Calibration/sensor_ws/install/ouster_ros/lib'
[126.007s] Level 1:colcon.colcon_core.shell:create_environment_hook('ouster_ros', 'ld_library_path_lib')
[126.007s] INFO:colcon.colcon_core.shell:Creating environment hook '/home/krri/OS0_Insta360-Calibration/sensor_ws/install/ouster_ros/share/ouster_ros/hook/ld_library_path_lib.ps1'
[126.007s] INFO:colcon.colcon_core.shell:Creating environment descriptor '/home/krri/OS0_Insta360-Calibration/sensor_ws/install/ouster_ros/share/ouster_ros/hook/ld_library_path_lib.dsv'
[126.008s] INFO:colcon.colcon_core.shell:Creating environment hook '/home/krri/OS0_Insta360-Calibration/sensor_ws/install/ouster_ros/share/ouster_ros/hook/ld_library_path_lib.sh'
[126.008s] Level 1:colcon.colcon_core.environment:checking '/home/krri/OS0_Insta360-Calibration/sensor_ws/install/ouster_ros/bin'
[126.008s] Level 1:colcon.colcon_core.environment:checking '/home/krri/OS0_Insta360-Calibration/sensor_ws/install/ouster_ros/lib/pkgconfig/ouster_ros.pc'
[126.008s] Level 1:colcon.colcon_core.environment:checking '/home/krri/OS0_Insta360-Calibration/sensor_ws/install/ouster_ros/lib/python3.10/site-packages'
[126.008s] Level 1:colcon.colcon_core.environment:checking '/home/krri/OS0_Insta360-Calibration/sensor_ws/install/ouster_ros/bin'
[126.009s] INFO:colcon.colcon_core.shell:Creating package script '/home/krri/OS0_Insta360-Calibration/sensor_ws/install/ouster_ros/share/ouster_ros/package.ps1'
[126.009s] INFO:colcon.colcon_core.shell:Creating package descriptor '/home/krri/OS0_Insta360-Calibration/sensor_ws/install/ouster_ros/share/ouster_ros/package.dsv'
[126.010s] INFO:colcon.colcon_core.shell:Creating package script '/home/krri/OS0_Insta360-Calibration/sensor_ws/install/ouster_ros/share/ouster_ros/package.sh'
[126.010s] INFO:colcon.colcon_core.shell:Creating package script '/home/krri/OS0_Insta360-Calibration/sensor_ws/install/ouster_ros/share/ouster_ros/package.bash'
[126.010s] INFO:colcon.colcon_core.shell:Creating package script '/home/krri/OS0_Insta360-Calibration/sensor_ws/install/ouster_ros/share/ouster_ros/package.zsh'
[126.011s] Level 1:colcon.colcon_core.environment:create_file_with_runtime_dependencies(/home/krri/OS0_Insta360-Calibration/sensor_ws/install/ouster_ros/share/colcon-core/packages/ouster_ros)
[126.011s] DEBUG:colcon.colcon_parallel_executor.executor.parallel:closing loop
[126.011s] DEBUG:colcon.colcon_parallel_executor.executor.parallel:loop closed
[126.011s] DEBUG:colcon.colcon_parallel_executor.executor.parallel:run_until_complete finished with '1'
[126.011s] DEBUG:colcon.colcon_core.event_reactor:joining thread
[126.016s] INFO:colcon.colcon_core.plugin_system:Skipping extension 'colcon_notification.desktop_notification.terminal_notifier': Not used on non-Darwin systems
[126.016s] INFO:colcon.colcon_core.plugin_system:Skipping extension 'colcon_notification.desktop_notification.win32': Not used on non-Windows systems
[126.016s] INFO:colcon.colcon_notification.desktop_notification:Sending desktop notification using 'notify2'
[126.026s] DEBUG:colcon.colcon_core.event_reactor:joined thread
[126.026s] INFO:colcon.colcon_core.shell:Creating prefix script '/home/krri/OS0_Insta360-Calibration/sensor_ws/install/local_setup.ps1'
[126.027s] INFO:colcon.colcon_core.shell:Creating prefix util module '/home/krri/OS0_Insta360-Calibration/sensor_ws/install/_local_setup_util_ps1.py'
[126.029s] INFO:colcon.colcon_core.shell:Creating prefix chain script '/home/krri/OS0_Insta360-Calibration/sensor_ws/install/setup.ps1'
[126.030s] INFO:colcon.colcon_core.shell:Creating prefix script '/home/krri/OS0_Insta360-Calibration/sensor_ws/install/local_setup.sh'
[126.030s] INFO:colcon.colcon_core.shell:Creating prefix util module '/home/krri/OS0_Insta360-Calibration/sensor_ws/install/_local_setup_util_sh.py'
[126.031s] INFO:colcon.colcon_core.shell:Creating prefix chain script '/home/krri/OS0_Insta360-Calibration/sensor_ws/install/setup.sh'
[126.031s] INFO:colcon.colcon_core.shell:Creating prefix script '/home/krri/OS0_Insta360-Calibration/sensor_ws/install/local_setup.bash'
[126.032s] INFO:colcon.colcon_core.shell:Creating prefix chain script '/home/krri/OS0_Insta360-Calibration/sensor_ws/install/setup.bash'
[126.033s] INFO:colcon.colcon_core.shell:Creating prefix script '/home/krri/OS0_Insta360-Calibration/sensor_ws/install/local_setup.zsh'
[126.033s] INFO:colcon.colcon_core.shell:Creating prefix chain script '/home/krri/OS0_Insta360-Calibration/sensor_ws/install/setup.zsh'
